2017-04-25 15:31:29.927262+0930 Mooshimeter[11101:6219183] [Crashlytics] Version 3.7.2 (112)
2017-04-25 15:31:30.073454+0930 Mooshimeter[11101:6219183] View ScanVC loaded!
2017-04-25 15:31:30.084482+0930 Mooshimeter[11101:6219183] View ScanVC will appear!
2017-04-25 15:31:30.121334+0930 Mooshimeter[11101:6219183] View ScanVC did appear!
2017-04-25 15:31:30.122135+0930 Mooshimeter[11101:6219183] Refresh requested
2017-04-25 15:31:30.122768+0930 Mooshimeter[11101:6219183] SCAN
2017-04-25 15:31:31.975656+0930 Mooshimeter[11101:6219318] Loaded firmware of size : 147456
2017-04-25 15:31:35.315553+0930 Mooshimeter[11101:6219316] Found: 1
2017-04-25 15:31:41.137356+0930 Mooshimeter[11101:6219183] Connecting new...
2017-04-25 15:31:42.133567+0930 Mooshimeter[11101:6219317] Connection with error - (null)
2017-04-25 15:31:42.133694+0930 Mooshimeter[11101:6219317] Discovering services
2017-04-25 15:31:42.428327+0930 Mooshimeter[11101:6219319] Service discovered - 1BC5FFA0-0200-62AB-E411-F254E005DBD4
2017-04-25 15:31:42.587914+0930 Mooshimeter[11101:6219319] Characteristic discovered - 1BC5FFA1-0200-62AB-E411-F254E005DBD4
2017-04-25 15:31:42.588097+0930 Mooshimeter[11101:6219319] Characteristic discovered - 1BC5FFA2-0200-62AB-E411-F254E005DBD4
2017-04-25 15:31:42.588214+0930 Mooshimeter[11101:6219319] Wrapping as a new style meter
2017-04-25 15:31:42.591734+0930 Mooshimeter[11101:6219319]     Char: 1BC5FFA1-0200-62AB-E411-F254E005DBD4
2017-04-25 15:31:42.591867+0930 Mooshimeter[11101:6219319]     Char: 1BC5FFA2-0200-62AB-E411-F254E005DBD4
2017-04-25 15:31:42.592020+0930 Mooshimeter[11101:6219319] Wrapped in meter!
2017-04-25 15:31:42.595167+0930 Mooshimeter[11101:6219318] ScanVC caught meter event
2017-04-25 15:31:42.742325+0930 Mooshimeter[11101:6219433] Characteristic - 1BC5FFA2-0200-62AB-E411-F254E005DBD4 notify changed with error - (null)
2017-04-25 15:31:42.742609+0930 Mooshimeter[11101:6219317] Registered serout callback
2017-04-25 15:31:42.742673+0930 Mooshimeter[11101:6219317] CMD: ADMIN:TREE
2017-04-25 15:31:42.798160+0930 Mooshimeter[11101:6219318] Characteristic - 1BC5FFA1-0200-62AB-E411-F254E005DBD4 wrote with error - (null)
2017-04-25 15:31:42.798303+0930 Mooshimeter[11101:6219318] SENT: 0 2 bytes
2017-04-25 15:31:42.798452+0930 Mooshimeter[11101:6219318] Characteristic - 1BC5FFA2-0200-62AB-E411-F254E005DBD4 value - ?\^A\M-0\^Ax\M^\\M-ER[\M^N\M-[0d$\M-?b\M-#=J error - (null)
2017-04-25 15:31:42.798702+0930 Mooshimeter[11101:6219318] OUT OF ORDER PACKET
2017-04-25 15:31:42.798751+0930 Mooshimeter[11101:6219318] EXPECTED: 1
2017-04-25 15:31:42.798800+0930 Mooshimeter[11101:6219318] GOT:      63
2017-04-25 15:31:42.798990+0930 Mooshimeter[11101:6219318] Characteristic - 1BC5FFA2-0200-62AB-E411-F254E005DBD4 value - @`;\M^[`\^?e\M^[q\^D\M-haH\M-4w\M-w\M-K\M-w\M-?E error - (null)
2017-04-25 15:31:42.799066+0930 Mooshimeter[11101:6219318] RECV: 64 20 bytes
2017-04-25 15:31:42.799209+0930 Mooshimeter[11101:6219318] Characteristic - 1BC5FFA2-0200-62AB-E411-F254E005DBD4 value - A)gۢ'\M-h\^O9\M^B$ΐC\M^@\^_\M^P\M-+\M-Ij error - (null)
2017-04-25 15:31:42.799775+0930 Mooshimeter[11101:6219318] RECV: 65 20 bytes
2017-04-25 15:31:42.799920+0930 Mooshimeter[11101:6219318] Characteristic - 1BC5FFA2-0200-62AB-E411-F254E005DBD4 value - B'\M-s|㵇:\M-#\M^@\^H\M-gz\M-Rjv>\M^R\^^ error - (null)
2017-04-25 15:31:42.799990+0930 Mooshimeter[11101:6219318] RECV: 66 20 bytes
2017-04-25 15:31:42.800127+0930 Mooshimeter[11101:6219318] Characteristic - 1BC5FFA2-0200-62AB-E411-F254E005DBD4 value - CA6\M-K8\M-l\^[\M^F\M-(\M-=\M^Cs\M-f\M^TE\M-H+\M-R\^V\M-w error - (null)
2017-04-25 15:31:42.800196+0930 Mooshimeter[11101:6219318] RECV: 67 20 bytes
2017-04-25 15:31:42.800331+0930 Mooshimeter[11101:6219318] Characteristic - 1BC5FFA2-0200-62AB-E411-F254E005DBD4 value - D\M^UFȚ\M-_p\M-7\^Q\M^Z|P\M-4o \M^J\M^@\M^C\M-w$ error - (null)
2017-04-25 15:31:42.800401+0930 Mooshimeter[11101:6219318] RECV: 68 20 bytes
2017-04-25 15:31:42.823633+0930 Mooshimeter[11101:6219433] Characteristic - 1BC5FFA2-0200-62AB-E411-F254E005DBD4 value - E\M- p>Xe error - (null)
2017-04-25 15:31:42.823773+0930 Mooshimeter[11101:6219433] RECV: 69 20 bytes
2017-04-25 15:31:42.823939+0930 Mooshimeter[11101:6219433] Characteristic - 1BC5FFA2-0200-62AB-E411-F254E005DBD4 value - FȂ",Av\M-}
@\M-v\M-7\M^V\M-c\M--\M-e\M^Xu\M-m\M^Q error - (null)
2017-04-25 15:31:42.824015+0930 Mooshimeter[11101:6219433] RECV: 70 20 bytes
2017-04-25 15:31:42.824430+0930 Mooshimeter[11101:6219433] Characteristic - 1BC5FFA2-0200-62AB-E411-F254E005DBD4 value - G\M-zWz{\M-%\M-w\M^TD>\M-aB\M-O\^Dk\^Fq\^?\M^C error - (null)
2017-04-25 15:31:42.824506+0930 Mooshimeter[11101:6219433] RECV: 71 20 bytes
2017-04-25 15:31:42.824645+0930 Mooshimeter[11101:6219433] Characteristic - 1BC5FFA2-0200-62AB-E411-F254E005DBD4 value - H\M-t\M^?\M-}\M-x\^?\^GQR\M-P\M-s\M^LA\M^B\M-t\M^O\^G@\^Q\M^Y error - (null)
2017-04-25 15:31:42.824717+0930 Mooshimeter[11101:6219433] RECV: 72 20 bytes
2017-04-25 15:31:42.826091+0930 Mooshimeter[11101:6219433] Characteristic - 1BC5FFA2-0200-62AB-E411-F254E005DBD4 value - I\M-I0m=zGڭ~\M^M\M-|\M-V\M-x\M-9\M^P\M^B{\M-J* error - (null)
2017-04-25 15:31:42.826167+0930 Mooshimeter[11101:6219433] RECV: 73 20 bytes
2017-04-25 15:31:42.826310+0930 Mooshimeter[11101:6219433] Characteristic - 1BC5FFA2-0200-62AB-E411-F254E005DBD4 value - J\M-m\^H\M-C\M-F"e\^QI\^Q_\M-Kr\M-q\M-FL:0\M-'v error - (null)
2017-04-25 15:31:42.826381+0930 Mooshimeter[11101:6219433] RECV: 74 20 bytes
2017-04-25 15:31:42.826538+0930 Mooshimeter[11101:6219433] Characteristic - 1BC5FFA2-0200-62AB-E411-F254E005DBD4 value - K\^O/\M-3\\M-;	?\M-9stӞZ\M^F\M-<t\M-{\M-pE error - (null)
2017-04-25 15:31:42.826610+0930 Mooshimeter[11101:6219433] RECV: 75 20 bytes
2017-04-25 15:31:42.850909+0930 Mooshimeter[11101:6219319] Characteristic - 1BC5FFA2-0200-62AB-E411-F254E005DBD4 value - L\^X\^S\^E\^ONٿ\M-/
f\M^NH<\M-QI\M^Qb\M-6\M-q error - (null)
2017-04-25 15:31:42.851046+0930 Mooshimeter[11101:6219319] RECV: 76 20 bytes
2017-04-25 15:31:42.851209+0930 Mooshimeter[11101:6219319] Characteristic - 1BC5FFA2-0200-62AB-E411-F254E005DBD4 value - M\M-YU\M-"\M-4jYR\M-[P\M^Nk\^H\M-h\M-h\^D\M-"K}\^Q error - (null)
2017-04-25 15:31:42.851284+0930 Mooshimeter[11101:6219319] RECV: 77 20 bytes
2017-04-25 15:31:42.851426+0930 Mooshimeter[11101:6219319] Characteristic - 1BC5FFA2-0200-62AB-E411-F254E005DBD4 value - N\M-Z\M-e\^D\M-r\M-J\M-}\M^_\M^J\M-xT\^A'\M-V\^P\M^T\M^[q\M-W  error - (null)
2017-04-25 15:31:42.851497+0930 Mooshimeter[11101:6219319] RECV: 78 20 bytes
2017-04-25 15:31:42.851636+0930 Mooshimeter[11101:6219319] Characteristic - 1BC5FFA2-0200-62AB-E411-F254E005DBD4 value - O*\M-e\M^T\M-y\M^J:J\M-H,*\M-G\^E\M^CM\M-<\M-C\M-zx` error - (null)
2017-04-25 15:31:42.851705+0930 Mooshimeter[11101:6219319] RECV: 79 20 bytes
2017-04-25 15:31:42.852330+0930 Mooshimeter[11101:6219319] Characteristic - 1BC5FFA2-0200-62AB-E411-F254E005DBD4 value - P౳\M-z\^U\M-!\M-y\M-C+\M-y\M^F+p܇\M^E}\M-y\M^Y error - (null)
2017-04-25 15:31:42.852402+0930 Mooshimeter[11101:6219319] RECV: 80 20 bytes
2017-04-25 15:31:42.852542+0930 Mooshimeter[11101:6219319] Characteristic - 1BC5FFA2-0200-62AB-E411-F254E005DBD4 value - Q\M^P\M^IC\M-o\^T\M-i
\^OE\M-}?\M^J6oH\M-M(x\M-  error - (null)
2017-04-25 15:31:42.852613+0930 Mooshimeter[11101:6219319] RECV: 81 20 bytes
2017-04-25 15:31:42.852905+0930 Mooshimeter[11101:6219319] Characteristic - 1BC5FFA2-0200-62AB-E411-F254E005DBD4 value - RɄ{\M-{_t\M^Io\^Vɻ\M-9~\M-n\^[\M^[\M-X^: error - (null)
2017-04-25 15:31:42.852976+0930 Mooshimeter[11101:6219319] RECV: 82 20 bytes
2017-04-25 15:31:42.875941+0930 Mooshimeter[11101:6219318] Characteristic - 1BC5FFA2-0200-62AB-E411-F254E005DBD4 value - SH\M-q\M^Zl\M->\M-0\M-cu@\M-&$\M-eF̡H{ra error - (null)
2017-04-25 15:31:42.876087+0930 Mooshimeter[11101:6219318] RECV: 83 20 bytes
2017-04-25 15:31:42.876252+0930 Mooshimeter[11101:6219318] Characteristic - 1BC5FFA2-0200-62AB-E411-F254E005DBD4 value - T\M--e\^B\^G\M-*\^Nt\M-@\M-s\^^\M-8\M-~\M-F\M-G!\M^_4\M-/ error - (null)
2017-04-25 15:31:42.876330+0930 Mooshimeter[11101:6219318] RECV: 84 20 bytes
2017-04-25 15:31:42.877118+0930 Mooshimeter[11101:6219318] Characteristic - 1BC5FFA2-0200-62AB-E411-F254E005DBD4 value - U\M-b\M-iU\M-1\M-)\M-X=\M-3/\^_\^A~\^A\M-i\^H\M^P\^U error - (null)
2017-04-25 15:31:42.877195+0930 Mooshimeter[11101:6219318] RECV: 85 18 bytes
2017-04-25 15:31:42.877594+0930 Mooshimeter[11101:6219318] ADMIN:TREE:<789cc552 5b8edb30 0c6424bf 62a33d4a 603b9b60 7f659b71 04e86148 b477f7cb f7bf4529 67dba227 e80f3982 24ce9043 801f90ab c96a27f3 7c0ce3b5 873aa380 08e77ad2 6a763e92 1e4136cb 38ec1b86 a8bd8373 e69445c8 2bd216f7 9546c89a df70b711 9a7c50b4 6f208a80 83f724a0 703e5865 00aaf8d4 8bf51326 a8ec62b4 9ba5c882 222c4176 fd0d40f6 b796e3ad e59875ed 91fa577a 7ba5f794 443ee142 cf0c046b 06717f83 f4fffdf8 7f075152 d0f38c41 82f48f07 401199c9 306d3d7a 47daad7e 8dfcd6f8 b990827b ca2aed08 c3c62265 1149115f cb72f1c6 4c3a30a7 760f2fb3 5cbb093f b97374d3 9e5a86bc 74fbf045 1813050f 4ed9bfaf 0a668e48 3cd14991 62b6f1d9 55a2b46a 5952db50 8e6b08e8 e804a24b 7d11dae5 04f2cafd 9f8af854 0127d610 949b71d7 202ae594 f98a3a4a c82c2ac7 05834dbc c3fa7860 e0b1b3fa 15a1f9c3 2bf9862b 70dc8785 7df99990 8943ef14 e90d0f45 fd3f8a36 6f48cd28 78a0c984 7bfb5f74 896f16c9 bbb97eee 1b9bd85e 3a48f19a 6cbeb0e3 7540a624 e546cca1 487b7261 ad650207 aa0e74c0 f30b1eb8 fec6c721 9f34afe2 e955b1a9 d83db32f 1f017e01 e9089015>
2017-04-25 15:31:42.877918+0930 Mooshimeter[11101:6219318] Inflated from 432 bytes to 790 bytes
2017-04-25 15:31:42.880381+0930 Mooshimeter[11101:6219318] 

2017-04-25 15:31:42.880486+0930 Mooshimeter[11101:6219318]   ADMIN
2017-04-25 15:31:42.883446+0930 Mooshimeter[11101:6219318]     0:CRC32
2017-04-25 15:31:42.883554+0930 Mooshimeter[11101:6219318]     1:TREE
2017-04-25 15:31:42.883652+0930 Mooshimeter[11101:6219318]     2:DIAGNOSTIC
2017-04-25 15:31:42.883748+0930 Mooshimeter[11101:6219318]   3:PCB_VERSION
2017-04-25 15:31:42.883843+0930 Mooshimeter[11101:6219318]   4:NAME
2017-04-25 15:31:42.883935+0930 Mooshimeter[11101:6219318]   5:TIME_UTC
2017-04-25 15:31:42.884026+0930 Mooshimeter[11101:6219318]   6:TIME_UTC_MS
2017-04-25 15:31:42.884119+0930 Mooshimeter[11101:6219318]   7:BAT_V
2017-04-25 15:31:42.884211+0930 Mooshimeter[11101:6219318]   8:REBOOT
2017-04-25 15:31:42.884295+0930 Mooshimeter[11101:6219318]     NORMAL
2017-04-25 15:31:42.884383+0930 Mooshimeter[11101:6219318]     SHIPMODE
2017-04-25 15:31:42.884470+0930 Mooshimeter[11101:6219318]   SAMPLING
2017-04-25 15:31:42.884562+0930 Mooshimeter[11101:6219318]     9:RATE
2017-04-25 15:31:42.884646+0930 Mooshimeter[11101:6219318]       125
2017-04-25 15:31:42.887651+0930 Mooshimeter[11101:6219318]       250
2017-04-25 15:31:42.887772+0930 Mooshimeter[11101:6219318]       500
2017-04-25 15:31:42.887862+0930 Mooshimeter[11101:6219318]       1000
2017-04-25 15:31:42.887949+0930 Mooshimeter[11101:6219318]       2000
2017-04-25 15:31:42.888036+0930 Mooshimeter[11101:6219318]       4000
2017-04-25 15:31:42.888122+0930 Mooshimeter[11101:6219318]       8000
2017-04-25 15:31:42.888217+0930 Mooshimeter[11101:6219318]     10:DEPTH
2017-04-25 15:31:42.888300+0930 Mooshimeter[11101:6219318]       32
2017-04-25 15:31:42.888386+0930 Mooshimeter[11101:6219318]       64
2017-04-25 15:31:42.888471+0930 Mooshimeter[11101:6219318]       128
2017-04-25 15:31:42.888556+0930 Mooshimeter[11101:6219318]       256
2017-04-25 15:31:42.888656+0930 Mooshimeter[11101:6219318]     11:TRIGGER
2017-04-25 15:31:42.888742+0930 Mooshimeter[11101:6219318]       OFF
2017-04-25 15:31:42.888827+0930 Mooshimeter[11101:6219318]       SINGLE
2017-04-25 15:31:42.891828+0930 Mooshimeter[11101:6219318]       CONTINUOUS
2017-04-25 15:31:42.891922+0930 Mooshimeter[11101:6219318]   LOG
2017-04-25 15:31:42.892016+0930 Mooshimeter[11101:6219318]     12:ON
2017-04-25 15:31:42.892109+0930 Mooshimeter[11101:6219318]     13:INTERVAL
2017-04-25 15:31:42.892204+0930 Mooshimeter[11101:6219318]     14:STATUS
2017-04-25 15:31:42.892296+0930 Mooshimeter[11101:6219318]     15:POLLDIR
2017-04-25 15:31:42.892382+0930 Mooshimeter[11101:6219318]     INFO
2017-04-25 15:31:42.892474+0930 Mooshimeter[11101:6219318]       16:INDEX
2017-04-25 15:31:42.892567+0930 Mooshimeter[11101:6219318]       17:END_TIME
2017-04-25 15:31:42.892663+0930 Mooshimeter[11101:6219318]       18:N_BYTES
2017-04-25 15:31:42.892752+0930 Mooshimeter[11101:6219318]     STREAM
2017-04-25 15:31:42.892843+0930 Mooshimeter[11101:6219318]       19:INDEX
2017-04-25 15:31:42.892935+0930 Mooshimeter[11101:6219318]       20:OFFSET
2017-04-25 15:31:42.895832+0930 Mooshimeter[11101:6219318]       21:DATA
2017-04-25 15:31:42.895921+0930 Mooshimeter[11101:6219318]   CH1
2017-04-25 15:31:42.896013+0930 Mooshimeter[11101:6219318]     22:MAPPING
2017-04-25 15:31:42.896098+0930 Mooshimeter[11101:6219318]       CURRENT
2017-04-25 15:31:42.896182+0930 Mooshimeter[11101:6219318]         10
2017-04-25 15:31:42.896271+0930 Mooshimeter[11101:6219318]       TEMP
2017-04-25 15:31:42.896357+0930 Mooshimeter[11101:6219318]         350
2017-04-25 15:31:42.896445+0930 Mooshimeter[11101:6219318]       SHARED
2017-04-25 15:31:42.896540+0930 Mooshimeter[11101:6219318]     23:RANGE_I
2017-04-25 15:31:42.896631+0930 Mooshimeter[11101:6219318]     24:ANALYSIS
2017-04-25 15:31:42.896714+0930 Mooshimeter[11101:6219318]       MEAN
2017-04-25 15:31:42.896800+0930 Mooshimeter[11101:6219318]       RMS
2017-04-25 15:31:42.896886+0930 Mooshimeter[11101:6219318]       BUFFER
2017-04-25 15:31:42.896982+0930 Mooshimeter[11101:6219318]     25:VALUE
2017-04-25 15:31:42.899134+0930 Mooshimeter[11101:6219318]     26:OFFSET
2017-04-25 15:31:42.899200+0930 Mooshimeter[11101:6219318]     27:BUF
2017-04-25 15:31:42.899262+0930 Mooshimeter[11101:6219318]     28:BUF_BPS
2017-04-25 15:31:42.899489+0930 Mooshimeter[11101:6219318]     29:BUF_LSB2NATIVE
2017-04-25 15:31:42.899641+0930 Mooshimeter[11101:6219318]   CH2
2017-04-25 15:31:42.899838+0930 Mooshimeter[11101:6219318]     30:MAPPING
2017-04-25 15:31:42.899900+0930 Mooshimeter[11101:6219318]       VOLTAGE
2017-04-25 15:31:42.900134+0930 Mooshimeter[11101:6219318]         60
2017-04-25 15:31:42.900200+0930 Mooshimeter[11101:6219318]         600
2017-04-25 15:31:42.900430+0930 Mooshimeter[11101:6219318]       TEMP
2017-04-25 15:31:42.900554+0930 Mooshimeter[11101:6219318]         350
2017-04-25 15:31:42.900697+0930 Mooshimeter[11101:6219318]       SHARED
2017-04-25 15:31:42.900845+0930 Mooshimeter[11101:6219318]     31:RANGE_I
2017-04-25 15:31:42.900909+0930 Mooshimeter[11101:6219318]     32:ANALYSIS
2017-04-25 15:31:42.901056+0930 Mooshimeter[11101:6219318]       MEAN
2017-04-25 15:31:42.901147+0930 Mooshimeter[11101:6219318]       RMS
2017-04-25 15:31:42.901207+0930 Mooshimeter[11101:6219318]       BUFFER
2017-04-25 15:31:42.901438+0930 Mooshimeter[11101:6219318]     33:VALUE
2017-04-25 15:31:42.901699+0930 Mooshimeter[11101:6219318]     34:OFFSET
2017-04-25 15:31:42.901780+0930 Mooshimeter[11101:6219318]     35:BUF
2017-04-25 15:31:42.901844+0930 Mooshimeter[11101:6219318]     36:BUF_BPS
2017-04-25 15:31:42.901957+0930 Mooshimeter[11101:6219318]     37:BUF_LSB2NATIVE
2017-04-25 15:31:42.902021+0930 Mooshimeter[11101:6219318]   38:SHARED
2017-04-25 15:31:42.902079+0930 Mooshimeter[11101:6219318]     AUX_V
2017-04-25 15:31:42.902258+0930 Mooshimeter[11101:6219318]       0.1
2017-04-25 15:31:42.902480+0930 Mooshimeter[11101:6219318]       0.3
2017-04-25 15:31:42.902648+0930 Mooshimeter[11101:6219318]       1.2
2017-04-25 15:31:42.902839+0930 Mooshimeter[11101:6219318]     RESISTANCE
2017-04-25 15:31:42.902900+0930 Mooshimeter[11101:6219318]       1000.0
2017-04-25 15:31:42.902960+0930 Mooshimeter[11101:6219318]       10000.0
2017-04-25 15:31:42.903018+0930 Mooshimeter[11101:6219318]       100000.0
2017-04-25 15:31:42.903211+0930 Mooshimeter[11101:6219318]       1000000.0
2017-04-25 15:31:42.903274+0930 Mooshimeter[11101:6219318]       10000000.0
2017-04-25 15:31:42.903489+0930 Mooshimeter[11101:6219318]     DIODE
2017-04-25 15:31:42.903681+0930 Mooshimeter[11101:6219318]       1.2
2017-04-25 15:31:42.903826+0930 Mooshimeter[11101:6219318]   39:REAL_PWR
2017-04-25 15:31:42.904119+0930 Mooshimeter[11101:6219318] CALC CRC: 14795C4A
2017-04-25 15:31:42.904568+0930 Mooshimeter[11101:6219317] CMD: ADMIN:CRC32 343497802
2017-04-25 15:31:42.954380+0930 Mooshimeter[11101:6219319] Characteristic - 1BC5FFA1-0200-62AB-E411-F254E005DBD4 wrote with error - (null)
2017-04-25 15:31:42.954528+0930 Mooshimeter[11101:6219319] SENT: 1 6 bytes
2017-04-25 15:31:42.954680+0930 Mooshimeter[11101:6219319] Characteristic - 1BC5FFA2-0200-62AB-E411-F254E005DBD4 value - V error - (null)
2017-04-25 15:31:42.954790+0930 Mooshimeter[11101:6219319] RECV: 86 6 bytes
2017-04-25 15:31:42.954968+0930 Mooshimeter[11101:6219319] ADMIN:CRC32:343497802
2017-04-25 15:31:42.955133+0930 Mooshimeter[11101:6219317] CMD: ADMIN:CRC32
2017-04-25 15:31:43.005132+0930 Mooshimeter[11101:6219318] Characteristic - 1BC5FFA1-0200-62AB-E411-F254E005DBD4 wrote with error - (null)
2017-04-25 15:31:43.005261+0930 Mooshimeter[11101:6219318] SENT: 2 2 bytes
2017-04-25 15:31:43.005401+0930 Mooshimeter[11101:6219318] Characteristic - 1BC5FFA2-0200-62AB-E411-F254E005DBD4 value - W error - (null)
2017-04-25 15:31:43.005482+0930 Mooshimeter[11101:6219318] RECV: 87 6 bytes
2017-04-25 15:31:43.005571+0930 Mooshimeter[11101:6219318] ADMIN:CRC32:343497802
2017-04-25 15:31:43.005853+0930 Mooshimeter[11101:6219317] CMD: SAMPLING:TRIGGER 0
2017-04-25 15:31:43.057709+0930 Mooshimeter[11101:6219433] Characteristic - 1BC5FFA1-0200-62AB-E411-F254E005DBD4 wrote with error - (null)
2017-04-25 15:31:43.057843+0930 Mooshimeter[11101:6219433] SENT: 3 3 bytes
2017-04-25 15:31:43.057982+0930 Mooshimeter[11101:6219433] Characteristic - 1BC5FFA2-0200-62AB-E411-F254E005DBD4 value - X error - (null)
2017-04-25 15:31:43.058065+0930 Mooshimeter[11101:6219433] RECV: 88 3 bytes
2017-04-25 15:31:43.058297+0930 Mooshimeter[11101:6219433] SAMPLING:TRIGGER:0
2017-04-25 15:31:43.110186+0930 Mooshimeter[11101:6219467] Characteristic - 1BC5FFA1-0200-62AB-E411-F254E005DBD4 wrote with error - (null)
2017-04-25 15:31:43.110329+0930 Mooshimeter[11101:6219467] SENT: 4 2 bytes
2017-04-25 15:31:43.110607+0930 Mooshimeter[11101:6219467] Characteristic - 1BC5FFA2-0200-62AB-E411-F254E005DBD4 value - Y\^C\^G error - (null)
2017-04-25 15:31:43.110856+0930 Mooshimeter[11101:6219467] RECV: 89 3 bytes
2017-04-25 15:31:43.111596+0930 Mooshimeter[11101:6219467] PCB_VERSION:7
2017-04-25 15:31:43.162462+0930 Mooshimeter[11101:6219466] Characteristic - 1BC5FFA1-0200-62AB-E411-F254E005DBD4 wrote with error - (null)
2017-04-25 15:31:43.162606+0930 Mooshimeter[11101:6219466] SENT: 5 2 bytes
2017-04-25 15:31:43.162894+0930 Mooshimeter[11101:6219318] Characteristic - 1BC5FFA2-0200-62AB-E411-F254E005DBD4 value - Z\^D\^P error - (null)
2017-04-25 15:31:43.162984+0930 Mooshimeter[11101:6219318] RECV: 90 20 bytes
2017-04-25 15:31:43.163410+0930 Mooshimeter[11101:6219318] NAME:Daniel\^D
2017-04-25 15:31:43.215085+0930 Mooshimeter[11101:6219466] Characteristic - 1BC5FFA1-0200-62AB-E411-F254E005DBD4 wrote with error - (null)
2017-04-25 15:31:43.215227+0930 Mooshimeter[11101:6219466] SENT: 6 2 bytes
2017-04-25 15:31:43.215374+0930 Mooshimeter[11101:6219466] Characteristic - 1BC5FFA2-0200-62AB-E411-F254E005DBD4 value - [\^EF\M-f\M-~X error - (null)
2017-04-25 15:31:43.215546+0930 Mooshimeter[11101:6219466] RECV: 91 6 bytes
2017-04-25 15:31:43.215748+0930 Mooshimeter[11101:6219466] TIME_UTC:1493100102
2017-04-25 15:31:43.267956+0930 Mooshimeter[11101:6219433] Characteristic - 1BC5FFA1-0200-62AB-E411-F254E005DBD4 wrote with error - (null)
2017-04-25 15:31:43.268081+0930 Mooshimeter[11101:6219433] SENT: 7 2 bytes
2017-04-25 15:31:43.268222+0930 Mooshimeter[11101:6219433] Characteristic - 1BC5FFA2-0200-62AB-E411-F254E005DBD4 value - \\^F\M-M\^C error - (null)
2017-04-25 15:31:43.268304+0930 Mooshimeter[11101:6219433] RECV: 92 4 bytes
2017-04-25 15:31:43.268416+0930 Mooshimeter[11101:6219433] TIME_UTC_MS:973
2017-04-25 15:31:43.320594+0930 Mooshimeter[11101:6219433] Characteristic - 1BC5FFA1-0200-62AB-E411-F254E005DBD4 wrote with error - (null)
2017-04-25 15:31:43.320735+0930 Mooshimeter[11101:6219433] SENT: 8 2 bytes
2017-04-25 15:31:43.320876+0930 Mooshimeter[11101:6219433] Characteristic - 1BC5FFA2-0200-62AB-E411-F254E005DBD4 value - ]\^G\M-.\M-cQ@ error - (null)
2017-04-25 15:31:43.320960+0930 Mooshimeter[11101:6219433] RECV: 93 6 bytes
2017-04-25 15:31:43.321135+0930 Mooshimeter[11101:6219433] BAT_V:3.279521
2017-04-25 15:31:43.372978+0930 Mooshimeter[11101:6219433] Characteristic - 1BC5FFA1-0200-62AB-E411-F254E005DBD4 wrote with error - (null)
2017-04-25 15:31:43.373106+0930 Mooshimeter[11101:6219433] SENT: 9 2 bytes
2017-04-25 15:31:43.373783+0930 Mooshimeter[11101:6219433] Characteristic - 1BC5FFA2-0200-62AB-E411-F254E005DBD4 value - ^\^H error - (null)
2017-04-25 15:31:43.373873+0930 Mooshimeter[11101:6219433] RECV: 94 3 bytes
2017-04-25 15:31:43.374501+0930 Mooshimeter[11101:6219433] REBOOT:0
2017-04-25 15:31:43.425667+0930 Mooshimeter[11101:6219433] Characteristic - 1BC5FFA1-0200-62AB-E411-F254E005DBD4 wrote with error - (null)
2017-04-25 15:31:43.425793+0930 Mooshimeter[11101:6219433] SENT: 10 2 bytes
2017-04-25 15:31:43.425932+0930 Mooshimeter[11101:6219433] Characteristic - 1BC5FFA2-0200-62AB-E411-F254E005DBD4 value - _	 error - (null)
2017-04-25 15:31:43.426017+0930 Mooshimeter[11101:6219433] RECV: 95 3 bytes
2017-04-25 15:31:43.426132+0930 Mooshimeter[11101:6219433] SAMPLING:RATE:0
2017-04-25 15:31:43.478648+0930 Mooshimeter[11101:6219433] Characteristic - 1BC5FFA1-0200-62AB-E411-F254E005DBD4 wrote with error - (null)
2017-04-25 15:31:43.478784+0930 Mooshimeter[11101:6219433] SENT: 11 2 bytes
2017-04-25 15:31:43.478926+0930 Mooshimeter[11101:6219433] Characteristic - 1BC5FFA2-0200-62AB-E411-F254E005DBD4 value - `
 error - (null)
2017-04-25 15:31:43.479011+0930 Mooshimeter[11101:6219433] RECV: 96 3 bytes
2017-04-25 15:31:43.479151+0930 Mooshimeter[11101:6219433] SAMPLING:DEPTH:0
2017-04-25 15:31:43.530448+0930 Mooshimeter[11101:6219433] Characteristic - 1BC5FFA1-0200-62AB-E411-F254E005DBD4 wrote with error - (null)
2017-04-25 15:31:43.530572+0930 Mooshimeter[11101:6219433] SENT: 12 2 bytes
2017-04-25 15:31:43.530714+0930 Mooshimeter[11101:6219433] Characteristic - 1BC5FFA2-0200-62AB-E411-F254E005DBD4 value - a error - (null)
2017-04-25 15:31:43.530796+0930 Mooshimeter[11101:6219433] RECV: 97 3 bytes
2017-04-25 15:31:43.530886+0930 Mooshimeter[11101:6219433] SAMPLING:TRIGGER:0
2017-04-25 15:31:43.584191+0930 Mooshimeter[11101:6219433] Characteristic - 1BC5FFA1-0200-62AB-E411-F254E005DBD4 wrote with error - (null)
2017-04-25 15:31:43.584489+0930 Mooshimeter[11101:6219433] SENT: 13 2 bytes
2017-04-25 15:31:43.584638+0930 Mooshimeter[11101:6219433] Characteristic - 1BC5FFA2-0200-62AB-E411-F254E005DBD4 value - b error - (null)
2017-04-25 15:31:43.584724+0930 Mooshimeter[11101:6219433] RECV: 98 3 bytes
2017-04-25 15:31:43.585127+0930 Mooshimeter[11101:6219433] LOG:ON:0
2017-04-25 15:31:43.635473+0930 Mooshimeter[11101:6219433] Characteristic - 1BC5FFA1-0200-62AB-E411-F254E005DBD4 wrote with error - (null)
2017-04-25 15:31:43.635613+0930 Mooshimeter[11101:6219433] SENT: 14 2 bytes
2017-04-25 15:31:43.635753+0930 Mooshimeter[11101:6219433] Characteristic - 1BC5FFA2-0200-62AB-E411-F254E005DBD4 value - c

 error - (null)
2017-04-25 15:31:43.635837+0930 Mooshimeter[11101:6219433] RECV: 99 4 bytes
2017-04-25 15:31:43.635954+0930 Mooshimeter[11101:6219433] LOG:INTERVAL:10
2017-04-25 15:31:43.687931+0930 Mooshimeter[11101:6219433] Characteristic - 1BC5FFA1-0200-62AB-E411-F254E005DBD4 wrote with error - (null)
2017-04-25 15:31:43.688047+0930 Mooshimeter[11101:6219433] SENT: 15 2 bytes
2017-04-25 15:31:43.688301+0930 Mooshimeter[11101:6219433] Characteristic - 1BC5FFA2-0200-62AB-E411-F254E005DBD4 value - d\^N error - (null)
2017-04-25 15:31:43.688386+0930 Mooshimeter[11101:6219433] RECV: 100 3 bytes
2017-04-25 15:31:43.688500+0930 Mooshimeter[11101:6219433] LOG:STATUS:0
2017-04-25 15:31:43.740504+0930 Mooshimeter[11101:6219433] Characteristic - 1BC5FFA1-0200-62AB-E411-F254E005DBD4 wrote with error - (null)
2017-04-25 15:31:43.740645+0930 Mooshimeter[11101:6219433] SENT: 16 2 bytes
2017-04-25 15:31:43.740786+0930 Mooshimeter[11101:6219433] Characteristic - 1BC5FFA2-0200-62AB-E411-F254E005DBD4 value - e\^O error - (null)
2017-04-25 15:31:43.740870+0930 Mooshimeter[11101:6219433] RECV: 101 3 bytes
2017-04-25 15:31:43.740987+0930 Mooshimeter[11101:6219433] LOG:POLLDIR:0
2017-04-25 15:31:43.793415+0930 Mooshimeter[11101:6219433] Characteristic - 1BC5FFA1-0200-62AB-E411-F254E005DBD4 wrote with error - (null)
2017-04-25 15:31:43.793547+0930 Mooshimeter[11101:6219433] SENT: 17 2 bytes
2017-04-25 15:31:43.793689+0930 Mooshimeter[11101:6219433] Characteristic - 1BC5FFA2-0200-62AB-E411-F254E005DBD4 value - f\^B\^G error - (null)
2017-04-25 15:31:43.793773+0930 Mooshimeter[11101:6219433] RECV: 102 11 bytes
2017-04-25 15:31:43.793931+0930 Mooshimeter[11101:6219433] ADMIN:DIAGNOSTIC:BADREAD
2017-04-25 15:31:43.845534+0930 Mooshimeter[11101:6219443] Characteristic - 1BC5FFA1-0200-62AB-E411-F254E005DBD4 wrote with error - (null)
2017-04-25 15:31:43.845670+0930 Mooshimeter[11101:6219443] SENT: 18 2 bytes
2017-04-25 15:31:43.845810+0930 Mooshimeter[11101:6219443] Characteristic - 1BC5FFA2-0200-62AB-E411-F254E005DBD4 value - g\^B\^G error - (null)
2017-04-25 15:31:43.845892+0930 Mooshimeter[11101:6219443] RECV: 103 11 bytes
2017-04-25 15:31:43.846023+0930 Mooshimeter[11101:6219443] ADMIN:DIAGNOSTIC:BADREAD
2017-04-25 15:31:43.897955+0930 Mooshimeter[11101:6219466] Characteristic - 1BC5FFA1-0200-62AB-E411-F254E005DBD4 wrote with error - (null)
2017-04-25 15:31:43.898086+0930 Mooshimeter[11101:6219466] SENT: 19 2 bytes
2017-04-25 15:31:43.898342+0930 Mooshimeter[11101:6219466] Characteristic - 1BC5FFA2-0200-62AB-E411-F254E005DBD4 value - h\^B\^G error - (null)
2017-04-25 15:31:43.898426+0930 Mooshimeter[11101:6219466] RECV: 104 11 bytes
2017-04-25 15:31:43.898559+0930 Mooshimeter[11101:6219466] ADMIN:DIAGNOSTIC:BADREAD
2017-04-25 15:31:43.950510+0930 Mooshimeter[11101:6219433] Characteristic - 1BC5FFA1-0200-62AB-E411-F254E005DBD4 wrote with error - (null)
2017-04-25 15:31:43.950636+0930 Mooshimeter[11101:6219433] SENT: 20 2 bytes
2017-04-25 15:31:43.950777+0930 Mooshimeter[11101:6219433] Characteristic - 1BC5FFA2-0200-62AB-E411-F254E005DBD4 value - i\^S error - (null)
2017-04-25 15:31:43.950859+0930 Mooshimeter[11101:6219433] RECV: 105 4 bytes
2017-04-25 15:31:43.950977+0930 Mooshimeter[11101:6219433] LOG:STREAM:INDEX:0
2017-04-25 15:31:44.003119+0930 Mooshimeter[11101:6219433] Characteristic - 1BC5FFA1-0200-62AB-E411-F254E005DBD4 wrote with error - (null)
2017-04-25 15:31:44.003255+0930 Mooshimeter[11101:6219433] SENT: 21 2 bytes
2017-04-25 15:31:44.003395+0930 Mooshimeter[11101:6219433] Characteristic - 1BC5FFA2-0200-62AB-E411-F254E005DBD4 value - j\^T error - (null)
2017-04-25 15:31:44.003477+0930 Mooshimeter[11101:6219433] RECV: 106 6 bytes
2017-04-25 15:31:44.003593+0930 Mooshimeter[11101:6219433] LOG:STREAM:OFFSET:0
2017-04-25 15:31:44.055755+0930 Mooshimeter[11101:6219433] Characteristic - 1BC5FFA1-0200-62AB-E411-F254E005DBD4 wrote with error - (null)
2017-04-25 15:31:44.055890+0930 Mooshimeter[11101:6219433] SENT: 22 2 bytes
2017-04-25 15:31:44.056030+0930 Mooshimeter[11101:6219433] Characteristic - 1BC5FFA2-0200-62AB-E411-F254E005DBD4 value - k\^V error - (null)
2017-04-25 15:31:44.056113+0930 Mooshimeter[11101:6219433] RECV: 107 3 bytes
2017-04-25 15:31:44.056227+0930 Mooshimeter[11101:6219433] CH1:MAPPING:0
2017-04-25 15:31:44.108087+0930 Mooshimeter[11101:6219433] Characteristic - 1BC5FFA1-0200-62AB-E411-F254E005DBD4 wrote with error - (null)
2017-04-25 15:31:44.108367+0930 Mooshimeter[11101:6219433] SENT: 23 2 bytes
2017-04-25 15:31:44.108538+0930 Mooshimeter[11101:6219433] Characteristic - 1BC5FFA2-0200-62AB-E411-F254E005DBD4 value - l\^W error - (null)
2017-04-25 15:31:44.108624+0930 Mooshimeter[11101:6219433] RECV: 108 3 bytes
2017-04-25 15:31:44.108741+0930 Mooshimeter[11101:6219433] CH1:RANGE_I:0
2017-04-25 15:31:44.160501+0930 Mooshimeter[11101:6219433] Characteristic - 1BC5FFA1-0200-62AB-E411-F254E005DBD4 wrote with error - (null)
2017-04-25 15:31:44.160640+0930 Mooshimeter[11101:6219433] SENT: 24 2 bytes
2017-04-25 15:31:44.160788+0930 Mooshimeter[11101:6219433] Characteristic - 1BC5FFA2-0200-62AB-E411-F254E005DBD4 value - m\^X error - (null)
2017-04-25 15:31:44.160872+0930 Mooshimeter[11101:6219433] RECV: 109 3 bytes
2017-04-25 15:31:44.160990+0930 Mooshimeter[11101:6219433] CH1:ANALYSIS:0
2017-04-25 15:31:44.212965+0930 Mooshimeter[11101:6219433] Characteristic - 1BC5FFA1-0200-62AB-E411-F254E005DBD4 wrote with error - (null)
2017-04-25 15:31:44.213102+0930 Mooshimeter[11101:6219433] SENT: 25 2 bytes
2017-04-25 15:31:44.213241+0930 Mooshimeter[11101:6219433] Characteristic - 1BC5FFA2-0200-62AB-E411-F254E005DBD4 value - n\^Y error - (null)
2017-04-25 15:31:44.213323+0930 Mooshimeter[11101:6219433] RECV: 110 6 bytes
2017-04-25 15:31:44.213454+0930 Mooshimeter[11101:6219433] CH1:VALUE:-0.0001639128
2017-04-25 15:31:44.265417+0930 Mooshimeter[11101:6219433] Characteristic - 1BC5FFA1-0200-62AB-E411-F254E005DBD4 wrote with error - (null)
2017-04-25 15:31:44.265532+0930 Mooshimeter[11101:6219433] SENT: 26 2 bytes
2017-04-25 15:31:44.265672+0930 Mooshimeter[11101:6219433] Characteristic - 1BC5FFA2-0200-62AB-E411-F254E005DBD4 value - o\^Z error - (null)
2017-04-25 15:31:44.265753+0930 Mooshimeter[11101:6219433] RECV: 111 6 bytes
2017-04-25 15:31:44.265955+0930 Mooshimeter[11101:6219433] CH1:OFFSET:0
2017-04-25 15:31:44.318445+0930 Mooshimeter[11101:6219433] Characteristic - 1BC5FFA1-0200-62AB-E411-F254E005DBD4 wrote with error - (null)
2017-04-25 15:31:44.318584+0930 Mooshimeter[11101:6219433] SENT: 27 2 bytes
2017-04-25 15:31:44.318725+0930 Mooshimeter[11101:6219433] Characteristic - 1BC5FFA2-0200-62AB-E411-F254E005DBD4 value - p\^\\^H error - (null)
2017-04-25 15:31:44.318809+0930 Mooshimeter[11101:6219433] RECV: 112 3 bytes
2017-04-25 15:31:44.318926+0930 Mooshimeter[11101:6219433] CH1:BUF_BPS:8
2017-04-25 15:31:44.371928+0930 Mooshimeter[11101:6219433] Characteristic - 1BC5FFA1-0200-62AB-E411-F254E005DBD4 wrote with error - (null)
2017-04-25 15:31:44.372068+0930 Mooshimeter[11101:6219433] SENT: 28 2 bytes
2017-04-25 15:31:44.372208+0930 Mooshimeter[11101:6219433] Characteristic - 1BC5FFA2-0200-62AB-E411-F254E005DBD4 value - q\^] error - (null)
2017-04-25 15:31:44.372291+0930 Mooshimeter[11101:6219433] RECV: 113 6 bytes
2017-04-25 15:31:44.372411+0930 Mooshimeter[11101:6219433] CH1:BUF_LSB2NATIVE:0
2017-04-25 15:31:44.423049+0930 Mooshimeter[11101:6219433] Characteristic - 1BC5FFA1-0200-62AB-E411-F254E005DBD4 wrote with error - (null)
2017-04-25 15:31:44.423189+0930 Mooshimeter[11101:6219433] SENT: 29 2 bytes
2017-04-25 15:31:44.423331+0930 Mooshimeter[11101:6219433] Characteristic - 1BC5FFA2-0200-62AB-E411-F254E005DBD4 value - r\^^ error - (null)
2017-04-25 15:31:44.423415+0930 Mooshimeter[11101:6219433] RECV: 114 3 bytes
2017-04-25 15:31:44.423532+0930 Mooshimeter[11101:6219433] CH2:MAPPING:0
2017-04-25 15:31:44.475449+0930 Mooshimeter[11101:6219433] Characteristic - 1BC5FFA1-0200-62AB-E411-F254E005DBD4 wrote with error - (null)
2017-04-25 15:31:44.475584+0930 Mooshimeter[11101:6219433] SENT: 30 2 bytes
2017-04-25 15:31:44.475726+0930 Mooshimeter[11101:6219433] Characteristic - 1BC5FFA2-0200-62AB-E411-F254E005DBD4 value - s\^_ error - (null)
2017-04-25 15:31:44.475807+0930 Mooshimeter[11101:6219433] RECV: 115 3 bytes
2017-04-25 15:31:44.475923+0930 Mooshimeter[11101:6219433] CH2:RANGE_I:0
2017-04-25 15:31:44.527897+0930 Mooshimeter[11101:6219433] Characteristic - 1BC5FFA1-0200-62AB-E411-F254E005DBD4 wrote with error - (null)
2017-04-25 15:31:44.528320+0930 Mooshimeter[11101:6219433] SENT: 31 2 bytes
2017-04-25 15:31:44.528467+0930 Mooshimeter[11101:6219433] Characteristic - 1BC5FFA2-0200-62AB-E411-F254E005DBD4 value - t  error - (null)
2017-04-25 15:31:44.528550+0930 Mooshimeter[11101:6219433] RECV: 116 3 bytes
2017-04-25 15:31:44.528665+0930 Mooshimeter[11101:6219433] CH2:ANALYSIS:0
2017-04-25 15:31:44.580987+0930 Mooshimeter[11101:6219433] Characteristic - 1BC5FFA1-0200-62AB-E411-F254E005DBD4 wrote with error - (null)
2017-04-25 15:31:44.581123+0930 Mooshimeter[11101:6219433] SENT: 32 2 bytes
2017-04-25 15:31:44.581453+0930 Mooshimeter[11101:6219433] Characteristic - 1BC5FFA2-0200-62AB-E411-F254E005DBD4 value - u! error - (null)
2017-04-25 15:31:44.581832+0930 Mooshimeter[11101:6219433] RECV: 117 6 bytes
2017-04-25 15:31:44.582066+0930 Mooshimeter[11101:6219433] CH2:VALUE:-0.0001513958
2017-04-25 15:31:44.633022+0930 Mooshimeter[11101:6219433] Characteristic - 1BC5FFA1-0200-62AB-E411-F254E005DBD4 wrote with error - (null)
2017-04-25 15:31:44.633162+0930 Mooshimeter[11101:6219433] SENT: 33 2 bytes
2017-04-25 15:31:44.633302+0930 Mooshimeter[11101:6219433] Characteristic - 1BC5FFA2-0200-62AB-E411-F254E005DBD4 value - v" error - (null)
2017-04-25 15:31:44.633384+0930 Mooshimeter[11101:6219433] RECV: 118 6 bytes
2017-04-25 15:31:44.633506+0930 Mooshimeter[11101:6219433] CH2:OFFSET:0
2017-04-25 15:31:44.685369+0930 Mooshimeter[11101:6219433] Characteristic - 1BC5FFA1-0200-62AB-E411-F254E005DBD4 wrote with error - (null)
2017-04-25 15:31:44.685484+0930 Mooshimeter[11101:6219433] SENT: 34 2 bytes
2017-04-25 15:31:44.685624+0930 Mooshimeter[11101:6219433] Characteristic - 1BC5FFA2-0200-62AB-E411-F254E005DBD4 value - w$\^H error - (null)
2017-04-25 15:31:44.685705+0930 Mooshimeter[11101:6219433] RECV: 119 3 bytes
2017-04-25 15:31:44.685816+0930 Mooshimeter[11101:6219433] CH2:BUF_BPS:8
2017-04-25 15:31:44.738150+0930 Mooshimeter[11101:6219433] Characteristic - 1BC5FFA1-0200-62AB-E411-F254E005DBD4 wrote with error - (null)
2017-04-25 15:31:44.738294+0930 Mooshimeter[11101:6219433] SENT: 35 2 bytes
2017-04-25 15:31:44.738432+0930 Mooshimeter[11101:6219433] Characteristic - 1BC5FFA2-0200-62AB-E411-F254E005DBD4 value - x% error - (null)
2017-04-25 15:31:44.738516+0930 Mooshimeter[11101:6219433] RECV: 120 6 bytes
2017-04-25 15:31:44.738637+0930 Mooshimeter[11101:6219433] CH2:BUF_LSB2NATIVE:0
2017-04-25 15:31:44.791550+0930 Mooshimeter[11101:6219433] Characteristic - 1BC5FFA1-0200-62AB-E411-F254E005DBD4 wrote with error - (null)
2017-04-25 15:31:44.791682+0930 Mooshimeter[11101:6219433] SENT: 36 2 bytes
2017-04-25 15:31:44.791823+0930 Mooshimeter[11101:6219433] Characteristic - 1BC5FFA2-0200-62AB-E411-F254E005DBD4 value - y& error - (null)
2017-04-25 15:31:44.791906+0930 Mooshimeter[11101:6219433] RECV: 121 3 bytes
2017-04-25 15:31:44.792058+0930 Mooshimeter[11101:6219433] SHARED:0
2017-04-25 15:31:44.842331+0930 Mooshimeter[11101:6219466] Characteristic - 1BC5FFA1-0200-62AB-E411-F254E005DBD4 wrote with error - (null)
2017-04-25 15:31:44.842456+0930 Mooshimeter[11101:6219466] SENT: 37 2 bytes
2017-04-25 15:31:44.868455+0930 Mooshimeter[11101:6219466] Characteristic - 1BC5FFA2-0200-62AB-E411-F254E005DBD4 value - z'ob_2 error - (null)
2017-04-25 15:31:44.868578+0930 Mooshimeter[11101:6219466] RECV: 122 6 bytes
2017-04-25 15:31:44.868749+0930 Mooshimeter[11101:6219466] REAL_PWR:1.300269e-08
2017-04-25 15:31:45.066032+0930 Mooshimeter[11101:6219444] Timeout!
2017-04-25 15:31:45.066748+0930 Mooshimeter[11101:6219445] Timeout!
2017-04-25 15:31:45.066971+0930 Mooshimeter[11101:6219446] Timeout!
2017-04-25 15:31:45.074015+0930 Mooshimeter[11101:6219444] (
	0   Mooshimeter                         0x00000001000a6270 -[Lock wait:] + 264
	1   Mooshimeter                         0x00000001000a32e4 -[ConfigNode reqValue] + 440
	2   Mooshimeter                         0x00000001000a1504 __24-[ConfigTree refreshAll]_block_invoke + 52
	3   libdispatch.dylib                   0x0000000100321a50 _dispatch_call_block_and_release + 24
	4   libdispatch.dylib                   0x0000000100321a10 _dispatch_client_callout + 16
	5   libdispatch.dylib                   0x000000010032f990 _dispatch_queue_override_invoke + 788
	6   libdispatch.dylib                   0x0000000100331630 _dispatch_root_queue_drain + 552
	7   libdispatch.dylib                   0x000000010033139c _dispatch_worker_thread3 + 140
	8   libsystem_pthread.dylib             0x000000018ff2b1d0 _pthread_wqthread + 1096
	9   libsystem_pthread.dylib             0x000000018ff2ad7c start_wqthread + 4
)
2017-04-25 15:31:45.074349+0930 Mooshimeter[11101:6219445] (
	0   Mooshimeter                         0x00000001000a6270 -[Lock wait:] + 264
	1   Mooshimeter                         0x00000001000a32e4 -[ConfigNode reqValue] + 440
	2   Mooshimeter                         0x00000001000a1504 __24-[ConfigTree refreshAll]_block_invoke + 52
	3   libdispatch.dylib                   0x0000000100321a50 _dispatch_call_block_and_release + 24
	4   libdispatch.dylib                   0x0000000100321a10 _dispatch_client_callout + 16
	5   libdispatch.dylib                   0x000000010032f990 _dispatch_queue_override_invoke + 788
	6   libdispatch.dylib                   0x0000000100331630 _dispatch_root_queue_drain + 552
	7   libdispatch.dylib                   0x000000010033139c _dispatch_worker_thread3 + 140
	8   libsystem_pthread.dylib             0x000000018ff2b1d0 _pthread_wqthread + 1096
	9   libsystem_pthread.dylib             0x000000018ff2ad7c start_wqthread + 4
)
2017-04-25 15:31:45.074534+0930 Mooshimeter[11101:6219446] (
	0   Mooshimeter                         0x00000001000a6270 -[Lock wait:] + 264
	1   Mooshimeter                         0x00000001000a32e4 -[ConfigNode reqValue] + 440
	2   Mooshimeter                         0x00000001000a1504 __24-[ConfigTree refreshAll]_block_invoke + 52
	3   libdispatch.dylib                   0x0000000100321a50 _dispatch_call_block_and_release + 24
	4   libdispatch.dylib                   0x0000000100321a10 _dispatch_client_callout + 16
	5   libdispatch.dylib                   0x000000010032f990 _dispatch_queue_override_invoke + 788
	6   libdispatch.dylib                   0x0000000100331630 _dispatch_root_queue_drain + 552
	7   libdispatch.dylib                   0x000000010033139c _dispatch_worker_thread3 + 140
	8   libsystem_pthread.dylib             0x000000018ff2b1d0 _pthread_wqthread + 1096
	9   libsystem_pthread.dylib             0x000000018ff2ad7c start_wqthread + 4
)
2017-04-25 15:31:45.077674+0930 Mooshimeter[11101:6219317] CMD: PCB_VERSION
2017-04-25 15:31:45.131599+0930 Mooshimeter[11101:6219444] Characteristic - 1BC5FFA1-0200-62AB-E411-F254E005DBD4 wrote with error - (null)
2017-04-25 15:31:45.131737+0930 Mooshimeter[11101:6219444] SENT: 38 2 bytes
2017-04-25 15:31:45.131878+0930 Mooshimeter[11101:6219444] Characteristic - 1BC5FFA2-0200-62AB-E411-F254E005DBD4 value - {\^C\^G error - (null)
2017-04-25 15:31:45.131962+0930 Mooshimeter[11101:6219444] RECV: 123 3 bytes
2017-04-25 15:31:45.132054+0930 Mooshimeter[11101:6219444] PCB_VERSION:7
2017-04-25 15:31:45.132383+0930 Mooshimeter[11101:6219317] CMD: TIME_UTC 1493100105
2017-04-25 15:31:45.184028+0930 Mooshimeter[11101:6219446] Characteristic - 1BC5FFA1-0200-62AB-E411-F254E005DBD4 wrote with error - (null)
2017-04-25 15:31:45.184147+0930 Mooshimeter[11101:6219446] SENT: 39 6 bytes
2017-04-25 15:31:45.184287+0930 Mooshimeter[11101:6219446] Characteristic - 1BC5FFA2-0200-62AB-E411-F254E005DBD4 value - |\^EI\M-f\M-~X error - (null)
2017-04-25 15:31:45.184370+0930 Mooshimeter[11101:6219446] RECV: 124 6 bytes
2017-04-25 15:31:45.184501+0930 Mooshimeter[11101:6219446] TIME_UTC:1493100105
2017-04-25 15:31:45.188183+0930 Mooshimeter[11101:6219183] Pushing meter view controller
2017-04-25 15:31:45.199986+0930 Mooshimeter[11101:6219183] Did push meter view controller
2017-04-25 15:31:45.200394+0930 Mooshimeter[11101:6219183] View ScanVC will disappear!
2017-04-25 15:31:45.201069+0930 Mooshimeter[11101:6219183] View MeterVC loaded!
2017-04-25 15:31:45.247152+0930 Mooshimeter[11101:6219183] View MeterVC will appear!
2017-04-25 15:31:45.247275+0930 Mooshimeter[11101:6219183] CMD: SAMPLING:TRIGGER 2
2017-04-25 15:31:45.288578+0930 Mooshimeter[11101:6219446] Characteristic - 1BC5FFA1-0200-62AB-E411-F254E005DBD4 wrote with error - (null)
2017-04-25 15:31:45.288687+0930 Mooshimeter[11101:6219446] SENT: 40 3 bytes
2017-04-25 15:31:45.288790+0930 Mooshimeter[11101:6219446] Characteristic - 1BC5FFA2-0200-62AB-E411-F254E005DBD4 value - }\^B error - (null)
2017-04-25 15:31:45.288923+0930 Mooshimeter[11101:6219446] RECV: 125 3 bytes
2017-04-25 15:31:45.289008+0930 Mooshimeter[11101:6219446] SAMPLING:TRIGGER:2
2017-04-25 15:31:45.736142+0930 Mooshimeter[11101:6219444] Characteristic - 1BC5FFA2-0200-62AB-E411-F254E005DBD4 value - ~\^EI\M-f\M-~X\^F\M-p error - (null)
2017-04-25 15:31:45.740064+0930 Mooshimeter[11101:6219444] RECV: 126 20 bytes
2017-04-25 15:31:45.740235+0930 Mooshimeter[11101:6219444] TIME_UTC:1493100105
2017-04-25 15:31:45.740340+0930 Mooshimeter[11101:6219444] TIME_UTC_MS:240
2017-04-25 15:31:45.740444+0930 Mooshimeter[11101:6219444] CH1:VALUE:0.0001452863
2017-04-25 15:31:45.740738+0930 Mooshimeter[11101:6219444] ScanVC caught meter event
2017-04-25 15:31:45.746412+0930 Mooshimeter[11101:6219444] CH2:VALUE:-0.0002838671
2017-04-25 15:31:45.746663+0930 Mooshimeter[11101:6219444] ScanVC caught meter event
2017-04-25 15:31:45.750256+0930 Mooshimeter[11101:6219444] Characteristic - 1BC5FFA2-0200-62AB-E411-F254E005DBD4 value - \^?q\M-*\M^_\M-3 error - (null)
2017-04-25 15:31:45.750351+0930 Mooshimeter[11101:6219444] RECV: 127 5 bytes
2017-04-25 15:31:45.750490+0930 Mooshimeter[11101:6219444] REAL_PWR:-7.435018e-08
2017-04-25 15:31:45.751293+0930 Mooshimeter[11101:6219444] ScanVC caught meter event
2017-04-25 15:31:45.857431+0930 Mooshimeter[11101:6219183] View ScanVC did disappear!
2017-04-25 15:31:45.857684+0930 Mooshimeter[11101:6219183] View MeterVC did appear!
2017-04-25 15:31:46.076856+0930 Mooshimeter[11101:6219444] Characteristic - 1BC5FFA2-0200-62AB-E411-F254E005DBD4 value - \M^@\^EI\M-f\M-~X\^FK\^B\^Y error - (null)
2017-04-25 15:31:46.077033+0930 Mooshimeter[11101:6219444] RECV: 128 20 bytes
2017-04-25 15:31:46.077178+0930 Mooshimeter[11101:6219444] TIME_UTC:1493100105
2017-04-25 15:31:46.077277+0930 Mooshimeter[11101:6219444] TIME_UTC_MS:587
2017-04-25 15:31:46.077378+0930 Mooshimeter[11101:6219444] CH1:VALUE:-0.000141561
2017-04-25 15:31:46.077642+0930 Mooshimeter[11101:6219444] ScanVC caught meter event
2017-04-25 15:31:46.080883+0930 Mooshimeter[11101:6219444] CH2:VALUE:-9.462237e-05
2017-04-25 15:31:46.081097+0930 Mooshimeter[11101:6219444] ScanVC caught meter event
2017-04-25 15:31:46.083893+0930 Mooshimeter[11101:6219444] Characteristic - 1BC5FFA2-0200-62AB-E411-F254E005DBD4 value - \M^A\M-f192 error - (null)
2017-04-25 15:31:46.083987+0930 Mooshimeter[11101:6219444] RECV: 129 5 bytes
2017-04-25 15:31:46.084123+0930 Mooshimeter[11101:6219444] REAL_PWR:1.077976e-08
2017-04-25 15:31:46.085165+0930 Mooshimeter[11101:6219444] ScanVC caught meter event
2017-04-25 15:31:46.417395+0930 Mooshimeter[11101:6219317] Characteristic - 1BC5FFA2-0200-62AB-E411-F254E005DBD4 value - \M^B\^EI\M-f\M-~X\^F\M-$\^C\^Y error - (null)
2017-04-25 15:31:46.417513+0930 Mooshimeter[11101:6219317] RECV: 130 20 bytes
2017-04-25 15:31:46.417614+0930 Mooshimeter[11101:6219317] TIME_UTC:1493100105
2017-04-25 15:31:46.417685+0930 Mooshimeter[11101:6219317] TIME_UTC_MS:932
2017-04-25 15:31:46.417755+0930 Mooshimeter[11101:6219317] CH1:VALUE:-0.0001303852
2017-04-25 15:31:46.417938+0930 Mooshimeter[11101:6219317] ScanVC caught meter event
2017-04-25 15:31:46.418037+0930 Mooshimeter[11101:6219317] CH2:VALUE:-0.0001703203
2017-04-25 15:31:46.418329+0930 Mooshimeter[11101:6219317] ScanVC caught meter event
2017-04-25 15:31:46.418626+0930 Mooshimeter[11101:6219317] Characteristic - 1BC5FFA2-0200-62AB-E411-F254E005DBD4 value - \M^C\M-MR\M->2 error - (null)
2017-04-25 15:31:46.418854+0930 Mooshimeter[11101:6219317] RECV: 131 5 bytes
2017-04-25 15:31:46.419277+0930 Mooshimeter[11101:6219317] REAL_PWR:2.215656e-08
2017-04-25 15:31:46.420933+0930 Mooshimeter[11101:6219317] ScanVC caught meter event
2017-04-25 15:31:46.785106+0930 Mooshimeter[11101:6219446] Characteristic - 1BC5FFA2-0200-62AB-E411-F254E005DBD4 value - \M^D\^EJ\M-f\M-~X\^F\^U\^A\^Y error - (null)
2017-04-25 15:31:46.785263+0930 Mooshimeter[11101:6219446] RECV: 132 20 bytes
2017-04-25 15:31:46.785360+0930 Mooshimeter[11101:6219446] TIME_UTC:1493100106
2017-04-25 15:31:46.785429+0930 Mooshimeter[11101:6219446] TIME_UTC_MS:277
2017-04-25 15:31:46.785500+0930 Mooshimeter[11101:6219446] CH1:VALUE:-0.0001750886
2017-04-25 15:31:46.785687+0930 Mooshimeter[11101:6219446] ScanVC caught meter event
2017-04-25 15:31:46.787866+0930 Mooshimeter[11101:6219446] CH2:VALUE:-0.0001135468
2017-04-25 15:31:46.788024+0930 Mooshimeter[11101:6219446] ScanVC caught meter event
2017-04-25 15:31:46.789948+0930 Mooshimeter[11101:6219446] Characteristic - 1BC5FFA2-0200-62AB-E411-F254E005DBD4 value - \M^E\~+2 error - (null)
2017-04-25 15:31:46.790017+0930 Mooshimeter[11101:6219446] RECV: 133 5 bytes
2017-04-25 15:31:46.790111+0930 Mooshimeter[11101:6219446] REAL_PWR:9.982241e-09
2017-04-25 15:31:46.791076+0930 Mooshimeter[11101:6219446] ScanVC caught meter event
2017-04-25 15:31:47.037310+0930 Mooshimeter[11101:6219183] View MeterVC will disappear!
2017-04-25 15:31:47.037439+0930 Mooshimeter[11101:6219183] CMD: SAMPLING:TRIGGER 0
2017-04-25 15:31:47.073517+0930 Mooshimeter[11101:6219464] Characteristic - 1BC5FFA1-0200-62AB-E411-F254E005DBD4 wrote with error - (null)
2017-04-25 15:31:47.073737+0930 Mooshimeter[11101:6219464] SENT: 41 3 bytes
2017-04-25 15:31:47.073924+0930 Mooshimeter[11101:6219464] Characteristic - 1BC5FFA2-0200-62AB-E411-F254E005DBD4 value - \M^F error - (null)
2017-04-25 15:31:47.074078+0930 Mooshimeter[11101:6219464] RECV: 134 3 bytes
2017-04-25 15:31:47.074271+0930 Mooshimeter[11101:6219464] SAMPLING:TRIGGER:0
2017-04-25 15:31:47.074702+0930 Mooshimeter[11101:6219183] View ScanVC will appear!
2017-04-25 15:31:47.583236+0930 Mooshimeter[11101:6219183] View MeterVC did disappear!
2017-04-25 15:31:47.583422+0930 Mooshimeter[11101:6219183] View ScanVC did appear!
2017-04-25 15:31:47.583494+0930 Mooshimeter[11101:6219183] Refresh requested
2017-04-25 15:31:47.583616+0930 Mooshimeter[11101:6219183] SCAN
2017-04-25 15:31:48.068753+0930 Mooshimeter[11101:6219445] ScanVC caught meter event
2017-04-25 15:31:29.927262+0930 Mooshimeter[11101:6219183] [Crashlytics] Version 3.7.2 (112)
2017-04-25 15:31:30.073454+0930 Mooshimeter[11101:6219183] View ScanVC loaded!
2017-04-25 15:31:30.084482+0930 Mooshimeter[11101:6219183] View ScanVC will appear!
2017-04-25 15:31:30.121334+0930 Mooshimeter[11101:6219183] View ScanVC did appear!
2017-04-25 15:31:30.122135+0930 Mooshimeter[11101:6219183] Refresh requested
2017-04-25 15:31:30.122768+0930 Mooshimeter[11101:6219183] SCAN
2017-04-25 15:31:31.975656+0930 Mooshimeter[11101:6219318] Loaded firmware of size : 147456
2017-04-25 15:31:35.315553+0930 Mooshimeter[11101:6219316] Found: 1
2017-04-25 15:31:41.137356+0930 Mooshimeter[11101:6219183] Connecting new...
2017-04-25 15:31:42.133567+0930 Mooshimeter[11101:6219317] Connection with error - (null)
2017-04-25 15:31:42.133694+0930 Mooshimeter[11101:6219317] Discovering services
2017-04-25 15:31:42.428327+0930 Mooshimeter[11101:6219319] Service discovered - 1BC5FFA0-0200-62AB-E411-F254E005DBD4
2017-04-25 15:31:42.587914+0930 Mooshimeter[11101:6219319] Characteristic discovered - 1BC5FFA1-0200-62AB-E411-F254E005DBD4
2017-04-25 15:31:42.588097+0930 Mooshimeter[11101:6219319] Characteristic discovered - 1BC5FFA2-0200-62AB-E411-F254E005DBD4
2017-04-25 15:31:42.588214+0930 Mooshimeter[11101:6219319] Wrapping as a new style meter
2017-04-25 15:31:42.591734+0930 Mooshimeter[11101:6219319]     Char: 1BC5FFA1-0200-62AB-E411-F254E005DBD4
2017-04-25 15:31:42.591867+0930 Mooshimeter[11101:6219319]     Char: 1BC5FFA2-0200-62AB-E411-F254E005DBD4
2017-04-25 15:31:42.592020+0930 Mooshimeter[11101:6219319] Wrapped in meter!
2017-04-25 15:31:42.595167+0930 Mooshimeter[11101:6219318] ScanVC caught meter event
2017-04-25 15:31:42.742325+0930 Mooshimeter[11101:6219433] Characteristic - 1BC5FFA2-0200-62AB-E411-F254E005DBD4 notify changed with error - (null)
2017-04-25 15:31:42.742609+0930 Mooshimeter[11101:6219317] Registered serout callback
2017-04-25 15:31:42.742673+0930 Mooshimeter[11101:6219317] CMD: ADMIN:TREE
2017-04-25 15:31:42.798160+0930 Mooshimeter[11101:6219318] Characteristic - 1BC5FFA1-0200-62AB-E411-F254E005DBD4 wrote with error - (null)
2017-04-25 15:31:42.798303+0930 Mooshimeter[11101:6219318] SENT: 0 2 bytes
2017-04-25 15:31:42.798452+0930 Mooshimeter[11101:6219318] Characteristic - 1BC5FFA2-0200-62AB-E411-F254E005DBD4 value - ?\^A\M-0\^Ax\M^\\M-ER[\M^N\M-[0d$\M-?b\M-#=J error - (null)
2017-04-25 15:31:42.798702+0930 Mooshimeter[11101:6219318] OUT OF ORDER PACKET
2017-04-25 15:31:42.798751+0930 Mooshimeter[11101:6219318] EXPECTED: 1
2017-04-25 15:31:42.798800+0930 Mooshimeter[11101:6219318] GOT:      63
2017-04-25 15:31:42.798990+0930 Mooshimeter[11101:6219318] Characteristic - 1BC5FFA2-0200-62AB-E411-F254E005DBD4 value - @`;\M^[`\^?e\M^[q\^D\M-haH\M-4w\M-w\M-K\M-w\M-?E error - (null)
2017-04-25 15:31:42.799066+0930 Mooshimeter[11101:6219318] RECV: 64 20 bytes
2017-04-25 15:31:42.799209+0930 Mooshimeter[11101:6219318] Characteristic - 1BC5FFA2-0200-62AB-E411-F254E005DBD4 value - A)gۢ'\M-h\^O9\M^B$ΐC\M^@\^_\M^P\M-+\M-Ij error - (null)
2017-04-25 15:31:42.799775+0930 Mooshimeter[11101:6219318] RECV: 65 20 bytes
2017-04-25 15:31:42.799920+0930 Mooshimeter[11101:6219318] Characteristic - 1BC5FFA2-0200-62AB-E411-F254E005DBD4 value - B'\M-s|㵇:\M-#\M^@\^H\M-gz\M-Rjv>\M^R\^^ error - (null)
2017-04-25 15:31:42.799990+0930 Mooshimeter[11101:6219318] RECV: 66 20 bytes
2017-04-25 15:31:42.800127+0930 Mooshimeter[11101:6219318] Characteristic - 1BC5FFA2-0200-62AB-E411-F254E005DBD4 value - CA6\M-K8\M-l\^[\M^F\M-(\M-=\M^Cs\M-f\M^TE\M-H+\M-R\^V\M-w error - (null)
2017-04-25 15:31:42.800196+0930 Mooshimeter[11101:6219318] RECV: 67 20 bytes
2017-04-25 15:31:42.800331+0930 Mooshimeter[11101:6219318] Characteristic - 1BC5FFA2-0200-62AB-E411-F254E005DBD4 value - D\M^UFȚ\M-_p\M-7\^Q\M^Z|P\M-4o \M^J\M^@\M^C\M-w$ error - (null)
2017-04-25 15:31:42.800401+0930 Mooshimeter[11101:6219318] RECV: 68 20 bytes
2017-04-25 15:31:42.823633+0930 Mooshimeter[11101:6219433] Characteristic - 1BC5FFA2-0200-62AB-E411-F254E005DBD4 value - E\M- p>Xe error - (null)
2017-04-25 15:31:42.823773+0930 Mooshimeter[11101:6219433] RECV: 69 20 bytes
2017-04-25 15:31:42.823939+0930 Mooshimeter[11101:6219433] Characteristic - 1BC5FFA2-0200-62AB-E411-F254E005DBD4 value - FȂ",Av\M-}
@\M-v\M-7\M^V\M-c\M--\M-e\M^Xu\M-m\M^Q error - (null)
2017-04-25 15:31:42.824015+0930 Mooshimeter[11101:6219433] RECV: 70 20 bytes
2017-04-25 15:31:42.824430+0930 Mooshimeter[11101:6219433] Characteristic - 1BC5FFA2-0200-62AB-E411-F254E005DBD4 value - G\M-zWz{\M-%\M-w\M^TD>\M-aB\M-O\^Dk\^Fq\^?\M^C error - (null)
2017-04-25 15:31:42.824506+0930 Mooshimeter[11101:6219433] RECV: 71 20 bytes
2017-04-25 15:31:42.824645+0930 Mooshimeter[11101:6219433] Characteristic - 1BC5FFA2-0200-62AB-E411-F254E005DBD4 value - H\M-t\M^?\M-}\M-x\^?\^GQR\M-P\M-s\M^LA\M^B\M-t\M^O\^G@\^Q\M^Y error - (null)
2017-04-25 15:31:42.824717+0930 Mooshimeter[11101:6219433] RECV: 72 20 bytes
2017-04-25 15:31:42.826091+0930 Mooshimeter[11101:6219433] Characteristic - 1BC5FFA2-0200-62AB-E411-F254E005DBD4 value - I\M-I0m=zGڭ~\M^M\M-|\M-V\M-x\M-9\M^P\M^B{\M-J* error - (null)
2017-04-25 15:31:42.826167+0930 Mooshimeter[11101:6219433] RECV: 73 20 bytes
2017-04-25 15:31:42.826310+0930 Mooshimeter[11101:6219433] Characteristic - 1BC5FFA2-0200-62AB-E411-F254E005DBD4 value - J\M-m\^H\M-C\M-F"e\^QI\^Q_\M-Kr\M-q\M-FL:0\M-'v error - (null)
2017-04-25 15:31:42.826381+0930 Mooshimeter[11101:6219433] RECV: 74 20 bytes
2017-04-25 15:31:42.826538+0930 Mooshimeter[11101:6219433] Characteristic - 1BC5FFA2-0200-62AB-E411-F254E005DBD4 value - K\^O/\M-3\\M-;	?\M-9stӞZ\M^F\M-<t\M-{\M-pE error - (null)
2017-04-25 15:31:42.826610+0930 Mooshimeter[11101:6219433] RECV: 75 20 bytes
2017-04-25 15:31:42.850909+0930 Mooshimeter[11101:6219319] Characteristic - 1BC5FFA2-0200-62AB-E411-F254E005DBD4 value - L\^X\^S\^E\^ONٿ\M-/
f\M^NH<\M-QI\M^Qb\M-6\M-q error - (null)
2017-04-25 15:31:42.851046+0930 Mooshimeter[11101:6219319] RECV: 76 20 bytes
2017-04-25 15:31:42.851209+0930 Mooshimeter[11101:6219319] Characteristic - 1BC5FFA2-0200-62AB-E411-F254E005DBD4 value - M\M-YU\M-"\M-4jYR\M-[P\M^Nk\^H\M-h\M-h\^D\M-"K}\^Q error - (null)
2017-04-25 15:31:42.851284+0930 Mooshimeter[11101:6219319] RECV: 77 20 bytes
2017-04-25 15:31:42.851426+0930 Mooshimeter[11101:6219319] Characteristic - 1BC5FFA2-0200-62AB-E411-F254E005DBD4 value - N\M-Z\M-e\^D\M-r\M-J\M-}\M^_\M^J\M-xT\^A'\M-V\^P\M^T\M^[q\M-W  error - (null)
2017-04-25 15:31:42.851497+0930 Mooshimeter[11101:6219319] RECV: 78 20 bytes
2017-04-25 15:31:42.851636+0930 Mooshimeter[11101:6219319] Characteristic - 1BC5FFA2-0200-62AB-E411-F254E005DBD4 value - O*\M-e\M^T\M-y\M^J:J\M-H,*\M-G\^E\M^CM\M-<\M-C\M-zx` error - (null)
2017-04-25 15:31:42.851705+0930 Mooshimeter[11101:6219319] RECV: 79 20 bytes
2017-04-25 15:31:42.852330+0930 Mooshimeter[11101:6219319] Characteristic - 1BC5FFA2-0200-62AB-E411-F254E005DBD4 value - P౳\M-z\^U\M-!\M-y\M-C+\M-y\M^F+p܇\M^E}\M-y\M^Y error - (null)
2017-04-25 15:31:42.852402+0930 Mooshimeter[11101:6219319] RECV: 80 20 bytes
2017-04-25 15:31:42.852542+0930 Mooshimeter[11101:6219319] Characteristic - 1BC5FFA2-0200-62AB-E411-F254E005DBD4 value - Q\M^P\M^IC\M-o\^T\M-i
\^OE\M-}?\M^J6oH\M-M(x\M-  error - (null)
2017-04-25 15:31:42.852613+0930 Mooshimeter[11101:6219319] RECV: 81 20 bytes
2017-04-25 15:31:42.852905+0930 Mooshimeter[11101:6219319] Characteristic - 1BC5FFA2-0200-62AB-E411-F254E005DBD4 value - RɄ{\M-{_t\M^Io\^Vɻ\M-9~\M-n\^[\M^[\M-X^: error - (null)
2017-04-25 15:31:42.852976+0930 Mooshimeter[11101:6219319] RECV: 82 20 bytes
2017-04-25 15:31:42.875941+0930 Mooshimeter[11101:6219318] Characteristic - 1BC5FFA2-0200-62AB-E411-F254E005DBD4 value - SH\M-q\M^Zl\M->\M-0\M-cu@\M-&$\M-eF̡H{ra error - (null)
2017-04-25 15:31:42.876087+0930 Mooshimeter[11101:6219318] RECV: 83 20 bytes
2017-04-25 15:31:42.876252+0930 Mooshimeter[11101:6219318] Characteristic - 1BC5FFA2-0200-62AB-E411-F254E005DBD4 value - T\M--e\^B\^G\M-*\^Nt\M-@\M-s\^^\M-8\M-~\M-F\M-G!\M^_4\M-/ error - (null)
2017-04-25 15:31:42.876330+0930 Mooshimeter[11101:6219318] RECV: 84 20 bytes
2017-04-25 15:31:42.877118+0930 Mooshimeter[11101:6219318] Characteristic - 1BC5FFA2-0200-62AB-E411-F254E005DBD4 value - U\M-b\M-iU\M-1\M-)\M-X=\M-3/\^_\^A~\^A\M-i\^H\M^P\^U error - (null)
2017-04-25 15:31:42.877195+0930 Mooshimeter[11101:6219318] RECV: 85 18 bytes
2017-04-25 15:31:42.877594+0930 Mooshimeter[11101:6219318] ADMIN:TREE:<789cc552 5b8edb30 0c6424bf 62a33d4a 603b9b60 7f659b71 04e86148 b477f7cb f7bf4529 67dba227 e80f3982 24ce9043 801f90ab c96a27f3 7c0ce3b5 873aa380 08e77ad2 6a763e92 1e4136cb 38ec1b86 a8bd8373 e69445c8 2bd216f7 9546c89a df70b711 9a7c50b4 6f208a80 83f724a0 703e5865 00aaf8d4 8bf51326 a8ec62b4 9ba5c882 222c4176 fd0d40f6 b796e3ad e59875ed 91fa577a 7ba5f794 443ee142 cf0c046b 06717f83 f4fffdf8 7f075152 d0f38c41 82f48f07 401199c9 306d3d7a 47daad7e 8dfcd6f8 b990827b ca2aed08 c3c62265 1149115f cb72f1c6 4c3a30a7 760f2fb3 5cbb093f b97374d3 9e5a86bc 74fbf045 1813050f 4ed9bfaf 0a668e48 3cd14991 62b6f1d9 55a2b46a 5952db50 8e6b08e8 e804a24b 7d11dae5 04f2cafd 9f8af854 0127d610 949b71d7 202ae594 f98a3a4a c82c2ac7 05834dbc c3fa7860 e0b1b3fa 15a1f9c3 2bf9862b 70dc8785 7df99990 8943ef14 e90d0f45 fd3f8a36 6f48cd28 78a0c984 7bfb5f74 896f16c9 bbb97eee 1b9bd85e 3a48f19a 6cbeb0e3 7540a624 e546cca1 487b7261 ad650207 aa0e74c0 f30b1eb8 fec6c721 9f34afe2 e955b1a9 d83db32f 1f017e01 e9089015>
2017-04-25 15:31:42.877918+0930 Mooshimeter[11101:6219318] Inflated from 432 bytes to 790 bytes
2017-04-25 15:31:42.880381+0930 Mooshimeter[11101:6219318] 

2017-04-25 15:31:42.880486+0930 Mooshimeter[11101:6219318]   ADMIN

2017-04-25 15:31:42.883446+0930 Mooshimeter[11101:6219318]     0:CRC32

2017-04-25 15:31:42.883554+0930 Mooshimeter[11101:6219318]     1:TREE

2017-04-25 15:31:42.883652+0930 Mooshimeter[11101:6219318]     2:DIAGNOSTIC

2017-04-25 15:31:42.883748+0930 Mooshimeter[11101:6219318]   3:PCB_VERSION

2017-04-25 15:31:42.883843+0930 Mooshimeter[11101:6219318]   4:NAME

2017-04-25 15:31:42.883935+0930 Mooshimeter[11101:6219318]   5:TIME_UTC

2017-04-25 15:31:42.884026+0930 Mooshimeter[11101:6219318]   6:TIME_UTC_MS

2017-04-25 15:31:42.884119+0930 Mooshimeter[11101:6219318]   7:BAT_V

2017-04-25 15:31:42.884211+0930 Mooshimeter[11101:6219318]   8:REBOOT

2017-04-25 15:31:42.884295+0930 Mooshimeter[11101:6219318]     NORMAL

2017-04-25 15:31:42.884383+0930 Mooshimeter[11101:6219318]     SHIPMODE

2017-04-25 15:31:42.884470+0930 Mooshimeter[11101:6219318]   SAMPLING

2017-04-25 15:31:42.884562+0930 Mooshimeter[11101:6219318]     9:RATE

2017-04-25 15:31:42.884646+0930 Mooshimeter[11101:6219318]       125

2017-04-25 15:31:42.887651+0930 Mooshimeter[11101:6219318]       250

2017-04-25 15:31:42.887772+0930 Mooshimeter[11101:6219318]       500

2017-04-25 15:31:42.887862+0930 Mooshimeter[11101:6219318]       1000

2017-04-25 15:31:42.887949+0930 Mooshimeter[11101:6219318]       2000

2017-04-25 15:31:42.888036+0930 Mooshimeter[11101:6219318]       4000

2017-04-25 15:31:42.888122+0930 Mooshimeter[11101:6219318]       8000

2017-04-25 15:31:42.888217+0930 Mooshimeter[11101:6219318]     10:DEPTH

2017-04-25 15:31:42.888300+0930 Mooshimeter[11101:6219318]       32

2017-04-25 15:31:42.888386+0930 Mooshimeter[11101:6219318]       64

2017-04-25 15:31:42.888471+0930 Mooshimeter[11101:6219318]       128

2017-04-25 15:31:42.888556+0930 Mooshimeter[11101:6219318]       256

2017-04-25 15:31:42.888656+0930 Mooshimeter[11101:6219318]     11:TRIGGER

2017-04-25 15:31:42.888742+0930 Mooshimeter[11101:6219318]       OFF

2017-04-25 15:31:42.888827+0930 Mooshimeter[11101:6219318]       SINGLE

2017-04-25 15:31:42.891828+0930 Mooshimeter[11101:6219318]       CONTINUOUS

2017-04-25 15:31:42.891922+0930 Mooshimeter[11101:6219318]   LOG

2017-04-25 15:31:42.892016+0930 Mooshimeter[11101:6219318]     12:ON

2017-04-25 15:31:42.892109+0930 Mooshimeter[11101:6219318]     13:INTERVAL

2017-04-25 15:31:42.892204+0930 Mooshimeter[11101:6219318]     14:STATUS

2017-04-25 15:31:42.892296+0930 Mooshimeter[11101:6219318]     15:POLLDIR

2017-04-25 15:31:42.892382+0930 Mooshimeter[11101:6219318]     INFO

2017-04-25 15:31:42.892474+0930 Mooshimeter[11101:6219318]       16:INDEX

2017-04-25 15:31:42.892567+0930 Mooshimeter[11101:6219318]       17:END_TIME

2017-04-25 15:31:42.892663+0930 Mooshimeter[11101:6219318]       18:N_BYTES

2017-04-25 15:31:42.892752+0930 Mooshimeter[11101:6219318]     STREAM

2017-04-25 15:31:42.892843+0930 Mooshimeter[11101:6219318]       19:INDEX

2017-04-25 15:31:42.892935+0930 Mooshimeter[11101:6219318]       20:OFFSET


2017-04-25 15:31:42.895832+0930 Mooshimeter[11101:6219318]       21:DATA

2017-04-25 15:31:42.895921+0930 Mooshimeter[11101:6219318]   CH1

2017-04-25 15:31:42.896013+0930 Mooshimeter[11101:6219318]     22:MAPPING

2017-04-25 15:31:42.896098+0930 Mooshimeter[11101:6219318]       CURRENT

2017-04-25 15:31:42.896182+0930 Mooshimeter[11101:6219318]         10

2017-04-25 15:31:42.896271+0930 Mooshimeter[11101:6219318]       TEMP

2017-04-25 15:31:42.896357+0930 Mooshimeter[11101:6219318]         350

2017-04-25 15:31:42.896445+0930 Mooshimeter[11101:6219318]       SHARED

2017-04-25 15:31:42.896540+0930 Mooshimeter[11101:6219318]     23:RANGE_I

2017-04-25 15:31:42.896631+0930 Mooshimeter[11101:6219318]     24:ANALYSIS

2017-04-25 15:31:42.896714+0930 Mooshimeter[11101:6219318]       MEAN

2017-04-25 15:31:42.896800+0930 Mooshimeter[11101:6219318]       RMS

2017-04-25 15:31:42.896886+0930 Mooshimeter[11101:6219318]       BUFFER

2017-04-25 15:31:42.896982+0930 Mooshimeter[11101:6219318]     25:VALUE

2017-04-25 15:31:42.899134+0930 Mooshimeter[11101:6219318]     26:OFFSET

2017-04-25 15:31:42.899200+0930 Mooshimeter[11101:6219318]     27:BUF

2017-04-25 15:31:42.899262+0930 Mooshimeter[11101:6219318]     28:BUF_BPS

2017-04-25 15:31:42.899489+0930 Mooshimeter[11101:6219318]     29:BUF_LSB2NATIVE

2017-04-25 15:31:42.899641+0930 Mooshimeter[11101:6219318]   CH2

2017-04-25 15:31:42.899838+0930 Mooshimeter[11101:6219318]     30:MAPPING

2017-04-25 15:31:42.899900+0930 Mooshimeter[11101:6219318]       VOLTAGE

2017-04-25 15:31:42.900134+0930 Mooshimeter[11101:6219318]         60

2017-04-25 15:31:42.900200+0930 Mooshimeter[11101:6219318]         600

2017-04-25 15:31:42.900430+0930 Mooshimeter[11101:6219318]       TEMP

2017-04-25 15:31:42.900554+0930 Mooshimeter[11101:6219318]         350

2017-04-25 15:31:42.900697+0930 Mooshimeter[11101:6219318]       SHARED

2017-04-25 15:31:42.900845+0930 Mooshimeter[11101:6219318]     31:RANGE_I

2017-04-25 15:31:42.900909+0930 Mooshimeter[11101:6219318]     32:ANALYSIS

2017-04-25 15:31:42.901056+0930 Mooshimeter[11101:6219318]       MEAN

2017-04-25 15:31:42.901147+0930 Mooshimeter[11101:6219318]       RMS

2017-04-25 15:31:42.901207+0930 Mooshimeter[11101:6219318]       BUFFER

2017-04-25 15:31:42.901438+0930 Mooshimeter[11101:6219318]     33:VALUE

2017-04-25 15:31:42.901699+0930 Mooshimeter[11101:6219318]     34:OFFSET

2017-04-25 15:31:42.901780+0930 Mooshimeter[11101:6219318]     35:BUF

2017-04-25 15:31:42.901844+0930 Mooshimeter[11101:6219318]     36:BUF_BPS

2017-04-25 15:31:42.901957+0930 Mooshimeter[11101:6219318]     37:BUF_LSB2NATIVE

2017-04-25 15:31:42.902021+0930 Mooshimeter[11101:6219318]   38:SHARED

2017-04-25 15:31:42.902079+0930 Mooshimeter[11101:6219318]     AUX_V

2017-04-25 15:31:42.902258+0930 Mooshimeter[11101:6219318]       0.1

2017-04-25 15:31:42.902480+0930 Mooshimeter[11101:6219318]       0.3

2017-04-25 15:31:42.902648+0930 Mooshimeter[11101:6219318]       1.2

2017-04-25 15:31:42.902839+0930 Mooshimeter[11101:6219318]     RESISTANCE

2017-04-25 15:31:42.902900+0930 Mooshimeter[11101:6219318]       1000.0

2017-04-25 15:31:42.902960+0930 Mooshimeter[11101:6219318]       10000.0

2017-04-25 15:31:42.903018+0930 Mooshimeter[11101:6219318]       100000.0

2017-04-25 15:31:42.903211+0930 Mooshimeter[11101:6219318]       1000000.0

2017-04-25 15:31:42.903274+0930 Mooshimeter[11101:6219318]       10000000.0

2017-04-25 15:31:42.903489+0930 Mooshimeter[11101:6219318]     DIODE

2017-04-25 15:31:42.903681+0930 Mooshimeter[11101:6219318]       1.2

2017-04-25 15:31:42.903826+0930 Mooshimeter[11101:6219318]   39:REAL_PWR

2017-04-25 15:31:42.904119+0930 Mooshimeter[11101:6219318] CALC CRC: 14795C4A
2017-04-25 15:31:42.904568+0930 Mooshimeter[11101:6219317] CMD: ADMIN:CRC32 343497802
2017-04-25 15:31:42.954380+0930 Mooshimeter[11101:6219319] Characteristic - 1BC5FFA1-0200-62AB-E411-F254E005DBD4 wrote with error - (null)
2017-04-25 15:31:42.954528+0930 Mooshimeter[11101:6219319] SENT: 1 6 bytes
2017-04-25 15:31:42.954680+0930 Mooshimeter[11101:6219319] Characteristic - 1BC5FFA2-0200-62AB-E411-F254E005DBD4 value - V error - (null)
2017-04-25 15:31:42.954790+0930 Mooshimeter[11101:6219319] RECV: 86 6 bytes
2017-04-25 15:31:42.954968+0930 Mooshimeter[11101:6219319] ADMIN:CRC32:343497802
2017-04-25 15:31:42.955133+0930 Mooshimeter[11101:6219317] CMD: ADMIN:CRC32
2017-04-25 15:31:43.005132+0930 Mooshimeter[11101:6219318] Characteristic - 1BC5FFA1-0200-62AB-E411-F254E005DBD4 wrote with error - (null)
2017-04-25 15:31:43.005261+0930 Mooshimeter[11101:6219318] SENT: 2 2 bytes
2017-04-25 15:31:43.005401+0930 Mooshimeter[11101:6219318] Characteristic - 1BC5FFA2-0200-62AB-E411-F254E005DBD4 value - W error - (null)
2017-04-25 15:31:43.005482+0930 Mooshimeter[11101:6219318] RECV: 87 6 bytes
2017-04-25 15:31:43.005571+0930 Mooshimeter[11101:6219318] ADMIN:CRC32:343497802
2017-04-25 15:31:43.005853+0930 Mooshimeter[11101:6219317] CMD: SAMPLING:TRIGGER 0
2017-04-25 15:31:43.057709+0930 Mooshimeter[11101:6219433] Characteristic - 1BC5FFA1-0200-62AB-E411-F254E005DBD4 wrote with error - (null)
2017-04-25 15:31:43.057843+0930 Mooshimeter[11101:6219433] SENT: 3 3 bytes
2017-04-25 15:31:43.057982+0930 Mooshimeter[11101:6219433] Characteristic - 1BC5FFA2-0200-62AB-E411-F254E005DBD4 value - X error - (null)
2017-04-25 15:31:43.058065+0930 Mooshimeter[11101:6219433] RECV: 88 3 bytes
2017-04-25 15:31:43.058297+0930 Mooshimeter[11101:6219433] SAMPLING:TRIGGER:0
2017-04-25 15:31:43.110186+0930 Mooshimeter[11101:6219467] Characteristic - 1BC5FFA1-0200-62AB-E411-F254E005DBD4 wrote with error - (null)
2017-04-25 15:31:43.110329+0930 Mooshimeter[11101:6219467] SENT: 4 2 bytes
2017-04-25 15:31:43.110607+0930 Mooshimeter[11101:6219467] Characteristic - 1BC5FFA2-0200-62AB-E411-F254E005DBD4 value - Y\^C\^G error - (null)
2017-04-25 15:31:43.110856+0930 Mooshimeter[11101:6219467] RECV: 89 3 bytes
2017-04-25 15:31:43.111596+0930 Mooshimeter[11101:6219467] PCB_VERSION:7
2017-04-25 15:31:43.162462+0930 Mooshimeter[11101:6219466] Characteristic - 1BC5FFA1-0200-62AB-E411-F254E005DBD4 wrote with error - (null)
2017-04-25 15:31:43.162606+0930 Mooshimeter[11101:6219466] SENT: 5 2 bytes
2017-04-25 15:31:43.162894+0930 Mooshimeter[11101:6219318] Characteristic - 1BC5FFA2-0200-62AB-E411-F254E005DBD4 value - Z\^D\^P error - (null)
2017-04-25 15:31:43.162984+0930 Mooshimeter[11101:6219318] RECV: 90 20 bytes
2017-04-25 15:31:43.163410+0930 Mooshimeter[11101:6219318] NAME:Daniel\^D
2017-04-25 15:31:43.215085+0930 Mooshimeter[11101:6219466] Characteristic - 1BC5FFA1-0200-62AB-E411-F254E005DBD4 wrote with error - (null)
2017-04-25 15:31:43.215227+0930 Mooshimeter[11101:6219466] SENT: 6 2 bytes
2017-04-25 15:31:43.215374+0930 Mooshimeter[11101:6219466] Characteristic - 1BC5FFA2-0200-62AB-E411-F254E005DBD4 value - [\^EF\M-f\M-~X error - (null)
2017-04-25 15:31:43.215546+0930 Mooshimeter[11101:6219466] RECV: 91 6 bytes
2017-04-25 15:31:43.215748+0930 Mooshimeter[11101:6219466] TIME_UTC:1493100102
2017-04-25 15:31:43.267956+0930 Mooshimeter[11101:6219433] Characteristic - 1BC5FFA1-0200-62AB-E411-F254E005DBD4 wrote with error - (null)
2017-04-25 15:31:43.268081+0930 Mooshimeter[11101:6219433] SENT: 7 2 bytes
2017-04-25 15:31:43.268222+0930 Mooshimeter[11101:6219433] Characteristic - 1BC5FFA2-0200-62AB-E411-F254E005DBD4 value - \\^F\M-M\^C error - (null)
2017-04-25 15:31:43.268304+0930 Mooshimeter[11101:6219433] RECV: 92 4 bytes
2017-04-25 15:31:43.268416+0930 Mooshimeter[11101:6219433] TIME_UTC_MS:973
2017-04-25 15:31:43.320594+0930 Mooshimeter[11101:6219433] Characteristic - 1BC5FFA1-0200-62AB-E411-F254E005DBD4 wrote with error - (null)
2017-04-25 15:31:43.320735+0930 Mooshimeter[11101:6219433] SENT: 8 2 bytes
2017-04-25 15:31:43.320876+0930 Mooshimeter[11101:6219433] Characteristic - 1BC5FFA2-0200-62AB-E411-F254E005DBD4 value - ]\^G\M-.\M-cQ@ error - (null)
2017-04-25 15:31:43.320960+0930 Mooshimeter[11101:6219433] RECV: 93 6 bytes
2017-04-25 15:31:43.321135+0930 Mooshimeter[11101:6219433] BAT_V:3.279521
2017-04-25 15:31:43.372978+0930 Mooshimeter[11101:6219433] Characteristic - 1BC5FFA1-0200-62AB-E411-F254E005DBD4 wrote with error - (null)
2017-04-25 15:31:43.373106+0930 Mooshimeter[11101:6219433] SENT: 9 2 bytes
2017-04-25 15:31:43.373783+0930 Mooshimeter[11101:6219433] Characteristic - 1BC5FFA2-0200-62AB-E411-F254E005DBD4 value - ^\^H error - (null)
2017-04-25 15:31:43.373873+0930 Mooshimeter[11101:6219433] RECV: 94 3 bytes
2017-04-25 15:31:43.374501+0930 Mooshimeter[11101:6219433] REBOOT:0
2017-04-25 15:31:43.425667+0930 Mooshimeter[11101:6219433] Characteristic - 1BC5FFA1-0200-62AB-E411-F254E005DBD4 wrote with error - (null)
2017-04-25 15:31:43.425793+0930 Mooshimeter[11101:6219433] SENT: 10 2 bytes
2017-04-25 15:31:43.425932+0930 Mooshimeter[11101:6219433] Characteristic - 1BC5FFA2-0200-62AB-E411-F254E005DBD4 value - _	 error - (null)
2017-04-25 15:31:43.426017+0930 Mooshimeter[11101:6219433] RECV: 95 3 bytes
2017-04-25 15:31:43.426132+0930 Mooshimeter[11101:6219433] SAMPLING:RATE:0
2017-04-25 15:31:43.478648+0930 Mooshimeter[11101:6219433] Characteristic - 1BC5FFA1-0200-62AB-E411-F254E005DBD4 wrote with error - (null)
2017-04-25 15:31:43.478784+0930 Mooshimeter[11101:6219433] SENT: 11 2 bytes
2017-04-25 15:31:43.478926+0930 Mooshimeter[11101:6219433] Characteristic - 1BC5FFA2-0200-62AB-E411-F254E005DBD4 value - `
 error - (null)
2017-04-25 15:31:43.479011+0930 Mooshimeter[11101:6219433] RECV: 96 3 bytes
2017-04-25 15:31:43.479151+0930 Mooshimeter[11101:6219433] SAMPLING:DEPTH:0
2017-04-25 15:31:43.530448+0930 Mooshimeter[11101:6219433] Characteristic - 1BC5FFA1-0200-62AB-E411-F254E005DBD4 wrote with error - (null)
2017-04-25 15:31:43.530572+0930 Mooshimeter[11101:6219433] SENT: 12 2 bytes
2017-04-25 15:31:43.530714+0930 Mooshimeter[11101:6219433] Characteristic - 1BC5FFA2-0200-62AB-E411-F254E005DBD4 value - a error - (null)
2017-04-25 15:31:43.530796+0930 Mooshimeter[11101:6219433] RECV: 97 3 bytes
2017-04-25 15:31:43.530886+0930 Mooshimeter[11101:6219433] SAMPLING:TRIGGER:0
2017-04-25 15:31:43.584191+0930 Mooshimeter[11101:6219433] Characteristic - 1BC5FFA1-0200-62AB-E411-F254E005DBD4 wrote with error - (null)
2017-04-25 15:31:43.584489+0930 Mooshimeter[11101:6219433] SENT: 13 2 bytes
2017-04-25 15:31:43.584638+0930 Mooshimeter[11101:6219433] Characteristic - 1BC5FFA2-0200-62AB-E411-F254E005DBD4 value - b error - (null)
2017-04-25 15:31:43.584724+0930 Mooshimeter[11101:6219433] RECV: 98 3 bytes
2017-04-25 15:31:43.585127+0930 Mooshimeter[11101:6219433] LOG:ON:0
2017-04-25 15:31:43.635473+0930 Mooshimeter[11101:6219433] Characteristic - 1BC5FFA1-0200-62AB-E411-F254E005DBD4 wrote with error - (null)
2017-04-25 15:31:43.635613+0930 Mooshimeter[11101:6219433] SENT: 14 2 bytes
2017-04-25 15:31:43.635753+0930 Mooshimeter[11101:6219433] Characteristic - 1BC5FFA2-0200-62AB-E411-F254E005DBD4 value - c

 error - (null)
2017-04-25 15:31:43.635837+0930 Mooshimeter[11101:6219433] RECV: 99 4 bytes
2017-04-25 15:31:43.635954+0930 Mooshimeter[11101:6219433] LOG:INTERVAL:10
2017-04-25 15:31:43.687931+0930 Mooshimeter[11101:6219433] Characteristic - 1BC5FFA1-0200-62AB-E411-F254E005DBD4 wrote with error - (null)
2017-04-25 15:31:43.688047+0930 Mooshimeter[11101:6219433] SENT: 15 2 bytes
2017-04-25 15:31:43.688301+0930 Mooshimeter[11101:6219433] Characteristic - 1BC5FFA2-0200-62AB-E411-F254E005DBD4 value - d\^N error - (null)
2017-04-25 15:31:43.688386+0930 Mooshimeter[11101:6219433] RECV: 100 3 bytes
2017-04-25 15:31:43.688500+0930 Mooshimeter[11101:6219433] LOG:STATUS:0
2017-04-25 15:31:43.740504+0930 Mooshimeter[11101:6219433] Characteristic - 1BC5FFA1-0200-62AB-E411-F254E005DBD4 wrote with error - (null)
2017-04-25 15:31:43.740645+0930 Mooshimeter[11101:6219433] SENT: 16 2 bytes
2017-04-25 15:31:43.740786+0930 Mooshimeter[11101:6219433] Characteristic - 1BC5FFA2-0200-62AB-E411-F254E005DBD4 value - e\^O error - (null)
2017-04-25 15:31:43.740870+0930 Mooshimeter[11101:6219433] RECV: 101 3 bytes
2017-04-25 15:31:43.740987+0930 Mooshimeter[11101:6219433] LOG:POLLDIR:0
2017-04-25 15:31:43.793415+0930 Mooshimeter[11101:6219433] Characteristic - 1BC5FFA1-0200-62AB-E411-F254E005DBD4 wrote with error - (null)
2017-04-25 15:31:43.793547+0930 Mooshimeter[11101:6219433] SENT: 17 2 bytes
2017-04-25 15:31:43.793689+0930 Mooshimeter[11101:6219433] Characteristic - 1BC5FFA2-0200-62AB-E411-F254E005DBD4 value - f\^B\^G error - (null)
2017-04-25 15:31:43.793773+0930 Mooshimeter[11101:6219433] RECV: 102 11 bytes
2017-04-25 15:31:43.793931+0930 Mooshimeter[11101:6219433] ADMIN:DIAGNOSTIC:BADREAD
2017-04-25 15:31:43.845534+0930 Mooshimeter[11101:6219443] Characteristic - 1BC5FFA1-0200-62AB-E411-F254E005DBD4 wrote with error - (null)
2017-04-25 15:31:43.845670+0930 Mooshimeter[11101:6219443] SENT: 18 2 bytes
2017-04-25 15:31:43.845810+0930 Mooshimeter[11101:6219443] Characteristic - 1BC5FFA2-0200-62AB-E411-F254E005DBD4 value - g\^B\^G error - (null)
2017-04-25 15:31:43.845892+0930 Mooshimeter[11101:6219443] RECV: 103 11 bytes
2017-04-25 15:31:43.846023+0930 Mooshimeter[11101:6219443] ADMIN:DIAGNOSTIC:BADREAD
2017-04-25 15:31:43.897955+0930 Mooshimeter[11101:6219466] Characteristic - 1BC5FFA1-0200-62AB-E411-F254E005DBD4 wrote with error - (null)
2017-04-25 15:31:43.898086+0930 Mooshimeter[11101:6219466] SENT: 19 2 bytes
2017-04-25 15:31:43.898342+0930 Mooshimeter[11101:6219466] Characteristic - 1BC5FFA2-0200-62AB-E411-F254E005DBD4 value - h\^B\^G error - (null)
2017-04-25 15:31:43.898426+0930 Mooshimeter[11101:6219466] RECV: 104 11 bytes
2017-04-25 15:31:43.898559+0930 Mooshimeter[11101:6219466] ADMIN:DIAGNOSTIC:BADREAD
2017-04-25 15:31:43.950510+0930 Mooshimeter[11101:6219433] Characteristic - 1BC5FFA1-0200-62AB-E411-F254E005DBD4 wrote with error - (null)
2017-04-25 15:31:43.950636+0930 Mooshimeter[11101:6219433] SENT: 20 2 bytes
2017-04-25 15:31:43.950777+0930 Mooshimeter[11101:6219433] Characteristic - 1BC5FFA2-0200-62AB-E411-F254E005DBD4 value - i\^S error - (null)
2017-04-25 15:31:43.950859+0930 Mooshimeter[11101:6219433] RECV: 105 4 bytes
2017-04-25 15:31:43.950977+0930 Mooshimeter[11101:6219433] LOG:STREAM:INDEX:0
2017-04-25 15:31:44.003119+0930 Mooshimeter[11101:6219433] Characteristic - 1BC5FFA1-0200-62AB-E411-F254E005DBD4 wrote with error - (null)
2017-04-25 15:31:44.003255+0930 Mooshimeter[11101:6219433] SENT: 21 2 bytes
2017-04-25 15:31:44.003395+0930 Mooshimeter[11101:6219433] Characteristic - 1BC5FFA2-0200-62AB-E411-F254E005DBD4 value - j\^T error - (null)
2017-04-25 15:31:44.003477+0930 Mooshimeter[11101:6219433] RECV: 106 6 bytes
2017-04-25 15:31:44.003593+0930 Mooshimeter[11101:6219433] LOG:STREAM:OFFSET:0
2017-04-25 15:31:44.055755+0930 Mooshimeter[11101:6219433] Characteristic - 1BC5FFA1-0200-62AB-E411-F254E005DBD4 wrote with error - (null)
2017-04-25 15:31:44.055890+0930 Mooshimeter[11101:6219433] SENT: 22 2 bytes
2017-04-25 15:31:44.056030+0930 Mooshimeter[11101:6219433] Characteristic - 1BC5FFA2-0200-62AB-E411-F254E005DBD4 value - k\^V error - (null)
2017-04-25 15:31:44.056113+0930 Mooshimeter[11101:6219433] RECV: 107 3 bytes
2017-04-25 15:31:44.056227+0930 Mooshimeter[11101:6219433] CH1:MAPPING:0
2017-04-25 15:31:44.108087+0930 Mooshimeter[11101:6219433] Characteristic - 1BC5FFA1-0200-62AB-E411-F254E005DBD4 wrote with error - (null)
2017-04-25 15:31:44.108367+0930 Mooshimeter[11101:6219433] SENT: 23 2 bytes
2017-04-25 15:31:44.108538+0930 Mooshimeter[11101:6219433] Characteristic - 1BC5FFA2-0200-62AB-E411-F254E005DBD4 value - l\^W error - (null)
2017-04-25 15:31:44.108624+0930 Mooshimeter[11101:6219433] RECV: 108 3 bytes
2017-04-25 15:31:44.108741+0930 Mooshimeter[11101:6219433] CH1:RANGE_I:0
2017-04-25 15:31:44.160501+0930 Mooshimeter[11101:6219433] Characteristic - 1BC5FFA1-0200-62AB-E411-F254E005DBD4 wrote with error - (null)
2017-04-25 15:31:44.160640+0930 Mooshimeter[11101:6219433] SENT: 24 2 bytes
2017-04-25 15:31:44.160788+0930 Mooshimeter[11101:6219433] Characteristic - 1BC5FFA2-0200-62AB-E411-F254E005DBD4 value - m\^X error - (null)
2017-04-25 15:31:44.160872+0930 Mooshimeter[11101:6219433] RECV: 109 3 bytes
2017-04-25 15:31:44.160990+0930 Mooshimeter[11101:6219433] CH1:ANALYSIS:0
2017-04-25 15:31:44.212965+0930 Mooshimeter[11101:6219433] Characteristic - 1BC5FFA1-0200-62AB-E411-F254E005DBD4 wrote with error - (null)
2017-04-25 15:31:44.213102+0930 Mooshimeter[11101:6219433] SENT: 25 2 bytes
2017-04-25 15:31:44.213241+0930 Mooshimeter[11101:6219433] Characteristic - 1BC5FFA2-0200-62AB-E411-F254E005DBD4 value - n\^Y error - (null)
2017-04-25 15:31:44.213323+0930 Mooshimeter[11101:6219433] RECV: 110 6 bytes
2017-04-25 15:31:44.213454+0930 Mooshimeter[11101:6219433] CH1:VALUE:-0.0001639128
2017-04-25 15:31:44.265417+0930 Mooshimeter[11101:6219433] Characteristic - 1BC5FFA1-0200-62AB-E411-F254E005DBD4 wrote with error - (null)
2017-04-25 15:31:44.265532+0930 Mooshimeter[11101:6219433] SENT: 26 2 bytes
2017-04-25 15:31:44.265672+0930 Mooshimeter[11101:6219433] Characteristic - 1BC5FFA2-0200-62AB-E411-F254E005DBD4 value - o\^Z error - (null)
2017-04-25 15:31:44.265753+0930 Mooshimeter[11101:6219433] RECV: 111 6 bytes
2017-04-25 15:31:44.265955+0930 Mooshimeter[11101:6219433] CH1:OFFSET:0
2017-04-25 15:31:44.318445+0930 Mooshimeter[11101:6219433] Characteristic - 1BC5FFA1-0200-62AB-E411-F254E005DBD4 wrote with error - (null)
2017-04-25 15:31:44.318584+0930 Mooshimeter[11101:6219433] SENT: 27 2 bytes
2017-04-25 15:31:44.318725+0930 Mooshimeter[11101:6219433] Characteristic - 1BC5FFA2-0200-62AB-E411-F254E005DBD4 value - p\^\\^H error - (null)
2017-04-25 15:31:44.318809+0930 Mooshimeter[11101:6219433] RECV: 112 3 bytes
2017-04-25 15:31:44.318926+0930 Mooshimeter[11101:6219433] CH1:BUF_BPS:8
2017-04-25 15:31:44.371928+0930 Mooshimeter[11101:6219433] Characteristic - 1BC5FFA1-0200-62AB-E411-F254E005DBD4 wrote with error - (null)
2017-04-25 15:31:44.372068+0930 Mooshimeter[11101:6219433] SENT: 28 2 bytes
2017-04-25 15:31:44.372208+0930 Mooshimeter[11101:6219433] Characteristic - 1BC5FFA2-0200-62AB-E411-F254E005DBD4 value - q\^] error - (null)
2017-04-25 15:31:44.372291+0930 Mooshimeter[11101:6219433] RECV: 113 6 bytes
2017-04-25 15:31:44.372411+0930 Mooshimeter[11101:6219433] CH1:BUF_LSB2NATIVE:0
2017-04-25 15:31:44.423049+0930 Mooshimeter[11101:6219433] Characteristic - 1BC5FFA1-0200-62AB-E411-F254E005DBD4 wrote with error - (null)
2017-04-25 15:31:44.423189+0930 Mooshimeter[11101:6219433] SENT: 29 2 bytes
2017-04-25 15:31:44.423331+0930 Mooshimeter[11101:6219433] Characteristic - 1BC5FFA2-0200-62AB-E411-F254E005DBD4 value - r\^^ error - (null)
2017-04-25 15:31:44.423415+0930 Mooshimeter[11101:6219433] RECV: 114 3 bytes
2017-04-25 15:31:44.423532+0930 Mooshimeter[11101:6219433] CH2:MAPPING:0
2017-04-25 15:31:44.475449+0930 Mooshimeter[11101:6219433] Characteristic - 1BC5FFA1-0200-62AB-E411-F254E005DBD4 wrote with error - (null)
2017-04-25 15:31:44.475584+0930 Mooshimeter[11101:6219433] SENT: 30 2 bytes
2017-04-25 15:31:44.475726+0930 Mooshimeter[11101:6219433] Characteristic - 1BC5FFA2-0200-62AB-E411-F254E005DBD4 value - s\^_ error - (null)
2017-04-25 15:31:44.475807+0930 Mooshimeter[11101:6219433] RECV: 115 3 bytes
2017-04-25 15:31:44.475923+0930 Mooshimeter[11101:6219433] CH2:RANGE_I:0
2017-04-25 15:31:44.527897+0930 Mooshimeter[11101:6219433] Characteristic - 1BC5FFA1-0200-62AB-E411-F254E005DBD4 wrote with error - (null)
2017-04-25 15:31:44.528320+0930 Mooshimeter[11101:6219433] SENT: 31 2 bytes
2017-04-25 15:31:44.528467+0930 Mooshimeter[11101:6219433] Characteristic - 1BC5FFA2-0200-62AB-E411-F254E005DBD4 value - t  error - (null)
2017-04-25 15:31:44.528550+0930 Mooshimeter[11101:6219433] RECV: 116 3 bytes
2017-04-25 15:31:44.528665+0930 Mooshimeter[11101:6219433] CH2:ANALYSIS:0
2017-04-25 15:31:44.580987+0930 Mooshimeter[11101:6219433] Characteristic - 1BC5FFA1-0200-62AB-E411-F254E005DBD4 wrote with error - (null)
2017-04-25 15:31:44.581123+0930 Mooshimeter[11101:6219433] SENT: 32 2 bytes
2017-04-25 15:31:44.581453+0930 Mooshimeter[11101:6219433] Characteristic - 1BC5FFA2-0200-62AB-E411-F254E005DBD4 value - u! error - (null)
2017-04-25 15:31:44.581832+0930 Mooshimeter[11101:6219433] RECV: 117 6 bytes
2017-04-25 15:31:44.582066+0930 Mooshimeter[11101:6219433] CH2:VALUE:-0.0001513958
2017-04-25 15:31:44.633022+0930 Mooshimeter[11101:6219433] Characteristic - 1BC5FFA1-0200-62AB-E411-F254E005DBD4 wrote with error - (null)
2017-04-25 15:31:44.633162+0930 Mooshimeter[11101:6219433] SENT: 33 2 bytes
2017-04-25 15:31:44.633302+0930 Mooshimeter[11101:6219433] Characteristic - 1BC5FFA2-0200-62AB-E411-F254E005DBD4 value - v" error - (null)
2017-04-25 15:31:44.633384+0930 Mooshimeter[11101:6219433] RECV: 118 6 bytes
2017-04-25 15:31:44.633506+0930 Mooshimeter[11101:6219433] CH2:OFFSET:0
2017-04-25 15:31:44.685369+0930 Mooshimeter[11101:6219433] Characteristic - 1BC5FFA1-0200-62AB-E411-F254E005DBD4 wrote with error - (null)
2017-04-25 15:31:44.685484+0930 Mooshimeter[11101:6219433] SENT: 34 2 bytes
2017-04-25 15:31:44.685624+0930 Mooshimeter[11101:6219433] Characteristic - 1BC5FFA2-0200-62AB-E411-F254E005DBD4 value - w$\^H error - (null)
2017-04-25 15:31:44.685705+0930 Mooshimeter[11101:6219433] RECV: 119 3 bytes
2017-04-25 15:31:44.685816+0930 Mooshimeter[11101:6219433] CH2:BUF_BPS:8
2017-04-25 15:31:44.738150+0930 Mooshimeter[11101:6219433] Characteristic - 1BC5FFA1-0200-62AB-E411-F254E005DBD4 wrote with error - (null)
2017-04-25 15:31:44.738294+0930 Mooshimeter[11101:6219433] SENT: 35 2 bytes
2017-04-25 15:31:44.738432+0930 Mooshimeter[11101:6219433] Characteristic - 1BC5FFA2-0200-62AB-E411-F254E005DBD4 value - x% error - (null)
2017-04-25 15:31:44.738516+0930 Mooshimeter[11101:6219433] RECV: 120 6 bytes
2017-04-25 15:31:44.738637+0930 Mooshimeter[11101:6219433] CH2:BUF_LSB2NATIVE:0
2017-04-25 15:31:44.791550+0930 Mooshimeter[11101:6219433] Characteristic - 1BC5FFA1-0200-62AB-E411-F254E005DBD4 wrote with error - (null)
2017-04-25 15:31:44.791682+0930 Mooshimeter[11101:6219433] SENT: 36 2 bytes
2017-04-25 15:31:44.791823+0930 Mooshimeter[11101:6219433] Characteristic - 1BC5FFA2-0200-62AB-E411-F254E005DBD4 value - y& error - (null)
2017-04-25 15:31:44.791906+0930 Mooshimeter[11101:6219433] RECV: 121 3 bytes
2017-04-25 15:31:44.792058+0930 Mooshimeter[11101:6219433] SHARED:0
2017-04-25 15:31:44.842331+0930 Mooshimeter[11101:6219466] Characteristic - 1BC5FFA1-0200-62AB-E411-F254E005DBD4 wrote with error - (null)
2017-04-25 15:31:44.842456+0930 Mooshimeter[11101:6219466] SENT: 37 2 bytes
2017-04-25 15:31:44.868455+0930 Mooshimeter[11101:6219466] Characteristic - 1BC5FFA2-0200-62AB-E411-F254E005DBD4 value - z'ob_2 error - (null)
2017-04-25 15:31:44.868578+0930 Mooshimeter[11101:6219466] RECV: 122 6 bytes
2017-04-25 15:31:44.868749+0930 Mooshimeter[11101:6219466] REAL_PWR:1.300269e-08
2017-04-25 15:31:45.066032+0930 Mooshimeter[11101:6219444] Timeout!
2017-04-25 15:31:45.066748+0930 Mooshimeter[11101:6219445] Timeout!
2017-04-25 15:31:45.066971+0930 Mooshimeter[11101:6219446] Timeout!
2017-04-25 15:31:45.074015+0930 Mooshimeter[11101:6219444] (
	0   Mooshimeter                         0x00000001000a6270 -[Lock wait:] + 264
	1   Mooshimeter                         0x00000001000a32e4 -[ConfigNode reqValue] + 440
	2   Mooshimeter                         0x00000001000a1504 __24-[ConfigTree refreshAll]_block_invoke + 52
	3   libdispatch.dylib                   0x0000000100321a50 _dispatch_call_block_and_release + 24
	4   libdispatch.dylib                   0x0000000100321a10 _dispatch_client_callout + 16
	5   libdispatch.dylib                   0x000000010032f990 _dispatch_queue_override_invoke + 788
	6   libdispatch.dylib                   0x0000000100331630 _dispatch_root_queue_drain + 552
	7   libdispatch.dylib                   0x000000010033139c _dispatch_worker_thread3 + 140
	8   libsystem_pthread.dylib             0x000000018ff2b1d0 _pthread_wqthread + 1096
	9   libsystem_pthread.dylib             0x000000018ff2ad7c start_wqthread + 4
)
2017-04-25 15:31:45.074349+0930 Mooshimeter[11101:6219445] (
	0   Mooshimeter                         0x00000001000a6270 -[Lock wait:] + 264
	1   Mooshimeter                         0x00000001000a32e4 -[ConfigNode reqValue] + 440
	2   Mooshimeter                         0x00000001000a1504 __24-[ConfigTree refreshAll]_block_invoke + 52
	3   libdispatch.dylib                   0x0000000100321a50 _dispatch_call_block_and_release + 24
	4   libdispatch.dylib                   0x0000000100321a10 _dispatch_client_callout + 16
	5   libdispatch.dylib                   0x000000010032f990 _dispatch_queue_override_invoke + 788
	6   libdispatch.dylib                   0x0000000100331630 _dispatch_root_queue_drain + 552
	7   libdispatch.dylib                   0x000000010033139c _dispatch_worker_thread3 + 140
	8   libsystem_pthread.dylib             0x000000018ff2b1d0 _pthread_wqthread + 1096
	9   libsystem_pthread.dylib             0x000000018ff2ad7c start_wqthread + 4
)
2017-04-25 15:31:45.074534+0930 Mooshimeter[11101:6219446] (
	0   Mooshimeter                         0x00000001000a6270 -[Lock wait:] + 264
	1   Mooshimeter                         0x00000001000a32e4 -[ConfigNode reqValue] + 440
	2   Mooshimeter                         0x00000001000a1504 __24-[ConfigTree refreshAll]_block_invoke + 52
	3   libdispatch.dylib                   0x0000000100321a50 _dispatch_call_block_and_release + 24
	4   libdispatch.dylib                   0x0000000100321a10 _dispatch_client_callout + 16
	5   libdispatch.dylib                   0x000000010032f990 _dispatch_queue_override_invoke + 788
	6   libdispatch.dylib                   0x0000000100331630 _dispatch_root_queue_drain + 552
	7   libdispatch.dylib                   0x000000010033139c _dispatch_worker_thread3 + 140
	8   libsystem_pthread.dylib             0x000000018ff2b1d0 _pthread_wqthread + 1096
	9   libsystem_pthread.dylib             0x000000018ff2ad7c start_wqthread + 4
)
2017-04-25 15:31:45.077674+0930 Mooshimeter[11101:6219317] CMD: PCB_VERSION
2017-04-25 15:31:45.131599+0930 Mooshimeter[11101:6219444] Characteristic - 1BC5FFA1-0200-62AB-E411-F254E005DBD4 wrote with error - (null)
2017-04-25 15:31:45.131737+0930 Mooshimeter[11101:6219444] SENT: 38 2 bytes
2017-04-25 15:31:45.131878+0930 Mooshimeter[11101:6219444] Characteristic - 1BC5FFA2-0200-62AB-E411-F254E005DBD4 value - {\^C\^G error - (null)
2017-04-25 15:31:45.131962+0930 Mooshimeter[11101:6219444] RECV: 123 3 bytes
2017-04-25 15:31:45.132054+0930 Mooshimeter[11101:6219444] PCB_VERSION:7
2017-04-25 15:31:45.132383+0930 Mooshimeter[11101:6219317] CMD: TIME_UTC 1493100105
2017-04-25 15:31:45.184028+0930 Mooshimeter[11101:6219446] Characteristic - 1BC5FFA1-0200-62AB-E411-F254E005DBD4 wrote with error - (null)
2017-04-25 15:31:45.184147+0930 Mooshimeter[11101:6219446] SENT: 39 6 bytes
2017-04-25 15:31:45.184287+0930 Mooshimeter[11101:6219446] Characteristic - 1BC5FFA2-0200-62AB-E411-F254E005DBD4 value - |\^EI\M-f\M-~X error - (null)
2017-04-25 15:31:45.184370+0930 Mooshimeter[11101:6219446] RECV: 124 6 bytes
2017-04-25 15:31:45.184501+0930 Mooshimeter[11101:6219446] TIME_UTC:1493100105
2017-04-25 15:31:45.188183+0930 Mooshimeter[11101:6219183] Pushing meter view controller
2017-04-25 15:31:45.199986+0930 Mooshimeter[11101:6219183] Did push meter view controller
2017-04-25 15:31:45.200394+0930 Mooshimeter[11101:6219183] View ScanVC will disappear!
2017-04-25 15:31:45.201069+0930 Mooshimeter[11101:6219183] View MeterVC loaded!
2017-04-25 15:31:45.247152+0930 Mooshimeter[11101:6219183] View MeterVC will appear!
2017-04-25 15:31:45.247275+0930 Mooshimeter[11101:6219183] CMD: SAMPLING:TRIGGER 2
2017-04-25 15:31:45.288578+0930 Mooshimeter[11101:6219446] Characteristic - 1BC5FFA1-0200-62AB-E411-F254E005DBD4 wrote with error - (null)
2017-04-25 15:31:45.288687+0930 Mooshimeter[11101:6219446] SENT: 40 3 bytes
2017-04-25 15:31:45.288790+0930 Mooshimeter[11101:6219446] Characteristic - 1BC5FFA2-0200-62AB-E411-F254E005DBD4 value - }\^B error - (null)
2017-04-25 15:31:45.288923+0930 Mooshimeter[11101:6219446] RECV: 125 3 bytes
2017-04-25 15:31:45.289008+0930 Mooshimeter[11101:6219446] SAMPLING:TRIGGER:2
2017-04-25 15:31:45.736142+0930 Mooshimeter[11101:6219444] Characteristic - 1BC5FFA2-0200-62AB-E411-F254E005DBD4 value - ~\^EI\M-f\M-~X\^F\M-p error - (null)
2017-04-25 15:31:45.740064+0930 Mooshimeter[11101:6219444] RECV: 126 20 bytes
2017-04-25 15:31:45.740235+0930 Mooshimeter[11101:6219444] TIME_UTC:1493100105
2017-04-25 15:31:45.740340+0930 Mooshimeter[11101:6219444] TIME_UTC_MS:240
2017-04-25 15:31:45.740444+0930 Mooshimeter[11101:6219444] CH1:VALUE:0.0001452863
2017-04-25 15:31:45.740738+0930 Mooshimeter[11101:6219444] ScanVC caught meter event
2017-04-25 15:31:45.746412+0930 Mooshimeter[11101:6219444] CH2:VALUE:-0.0002838671
2017-04-25 15:31:45.746663+0930 Mooshimeter[11101:6219444] ScanVC caught meter event
2017-04-25 15:31:45.750256+0930 Mooshimeter[11101:6219444] Characteristic - 1BC5FFA2-0200-62AB-E411-F254E005DBD4 value - \^?q\M-*\M^_\M-3 error - (null)
2017-04-25 15:31:45.750351+0930 Mooshimeter[11101:6219444] RECV: 127 5 bytes
2017-04-25 15:31:45.750490+0930 Mooshimeter[11101:6219444] REAL_PWR:-7.435018e-08
2017-04-25 15:31:45.751293+0930 Mooshimeter[11101:6219444] ScanVC caught meter event
2017-04-25 15:31:45.857431+0930 Mooshimeter[11101:6219183] View ScanVC did disappear!
2017-04-25 15:31:45.857684+0930 Mooshimeter[11101:6219183] View MeterVC did appear!
2017-04-25 15:31:46.076856+0930 Mooshimeter[11101:6219444] Characteristic - 1BC5FFA2-0200-62AB-E411-F254E005DBD4 value - \M^@\^EI\M-f\M-~X\^FK\^B\^Y error - (null)
2017-04-25 15:31:46.077033+0930 Mooshimeter[11101:6219444] RECV: 128 20 bytes
2017-04-25 15:31:46.077178+0930 Mooshimeter[11101:6219444] TIME_UTC:1493100105
2017-04-25 15:31:46.077277+0930 Mooshimeter[11101:6219444] TIME_UTC_MS:587
2017-04-25 15:31:46.077378+0930 Mooshimeter[11101:6219444] CH1:VALUE:-0.000141561
2017-04-25 15:31:46.077642+0930 Mooshimeter[11101:6219444] ScanVC caught meter event
2017-04-25 15:31:46.080883+0930 Mooshimeter[11101:6219444] CH2:VALUE:-9.462237e-05
2017-04-25 15:31:46.081097+0930 Mooshimeter[11101:6219444] ScanVC caught meter event
2017-04-25 15:31:46.083893+0930 Mooshimeter[11101:6219444] Characteristic - 1BC5FFA2-0200-62AB-E411-F254E005DBD4 value - \M^A\M-f192 error - (null)
2017-04-25 15:31:46.083987+0930 Mooshimeter[11101:6219444] RECV: 129 5 bytes
2017-04-25 15:31:46.084123+0930 Mooshimeter[11101:6219444] REAL_PWR:1.077976e-08
2017-04-25 15:31:46.085165+0930 Mooshimeter[11101:6219444] ScanVC caught meter event
2017-04-25 15:31:46.417395+0930 Mooshimeter[11101:6219317] Characteristic - 1BC5FFA2-0200-62AB-E411-F254E005DBD4 value - \M^B\^EI\M-f\M-~X\^F\M-$\^C\^Y error - (null)
2017-04-25 15:31:46.417513+0930 Mooshimeter[11101:6219317] RECV: 130 20 bytes
2017-04-25 15:31:46.417614+0930 Mooshimeter[11101:6219317] TIME_UTC:1493100105
2017-04-25 15:31:46.417685+0930 Mooshimeter[11101:6219317] TIME_UTC_MS:932
2017-04-25 15:31:46.417755+0930 Mooshimeter[11101:6219317] CH1:VALUE:-0.0001303852
2017-04-25 15:31:46.417938+0930 Mooshimeter[11101:6219317] ScanVC caught meter event
2017-04-25 15:31:46.418037+0930 Mooshimeter[11101:6219317] CH2:VALUE:-0.0001703203
2017-04-25 15:31:46.418329+0930 Mooshimeter[11101:6219317] ScanVC caught meter event
2017-04-25 15:31:46.418626+0930 Mooshimeter[11101:6219317] Characteristic - 1BC5FFA2-0200-62AB-E411-F254E005DBD4 value - \M^C\M-MR\M->2 error - (null)
2017-04-25 15:31:46.418854+0930 Mooshimeter[11101:6219317] RECV: 131 5 bytes
2017-04-25 15:31:46.419277+0930 Mooshimeter[11101:6219317] REAL_PWR:2.215656e-08
2017-04-25 15:31:46.420933+0930 Mooshimeter[11101:6219317] ScanVC caught meter event
2017-04-25 15:31:46.785106+0930 Mooshimeter[11101:6219446] Characteristic - 1BC5FFA2-0200-62AB-E411-F254E005DBD4 value - \M^D\^EJ\M-f\M-~X\^F\^U\^A\^Y error - (null)
2017-04-25 15:31:46.785263+0930 Mooshimeter[11101:6219446] RECV: 132 20 bytes
2017-04-25 15:31:46.785360+0930 Mooshimeter[11101:6219446] TIME_UTC:1493100106
2017-04-25 15:31:46.785429+0930 Mooshimeter[11101:6219446] TIME_UTC_MS:277
2017-04-25 15:31:46.785500+0930 Mooshimeter[11101:6219446] CH1:VALUE:-0.0001750886
2017-04-25 15:31:46.785687+0930 Mooshimeter[11101:6219446] ScanVC caught meter event
2017-04-25 15:31:46.787866+0930 Mooshimeter[11101:6219446] CH2:VALUE:-0.0001135468
2017-04-25 15:31:46.788024+0930 Mooshimeter[11101:6219446] ScanVC caught meter event
2017-04-25 15:31:46.789948+0930 Mooshimeter[11101:6219446] Characteristic - 1BC5FFA2-0200-62AB-E411-F254E005DBD4 value - \M^E\~+2 error - (null)
2017-04-25 15:31:46.790017+0930 Mooshimeter[11101:6219446] RECV: 133 5 bytes
2017-04-25 15:31:46.790111+0930 Mooshimeter[11101:6219446] REAL_PWR:9.982241e-09
2017-04-25 15:31:46.791076+0930 Mooshimeter[11101:6219446] ScanVC caught meter event
2017-04-25 15:31:47.037310+0930 Mooshimeter[11101:6219183] View MeterVC will disappear!
2017-04-25 15:31:47.037439+0930 Mooshimeter[11101:6219183] CMD: SAMPLING:TRIGGER 0
2017-04-25 15:31:47.073517+0930 Mooshimeter[11101:6219464] Characteristic - 1BC5FFA1-0200-62AB-E411-F254E005DBD4 wrote with error - (null)
2017-04-25 15:31:47.073737+0930 Mooshimeter[11101:6219464] SENT: 41 3 bytes
2017-04-25 15:31:47.073924+0930 Mooshimeter[11101:6219464] Characteristic - 1BC5FFA2-0200-62AB-E411-F254E005DBD4 value - \M^F error - (null)
2017-04-25 15:31:47.074078+0930 Mooshimeter[11101:6219464] RECV: 134 3 bytes
2017-04-25 15:31:47.074271+0930 Mooshimeter[11101:6219464] SAMPLING:TRIGGER:0
2017-04-25 15:31:47.074702+0930 Mooshimeter[11101:6219183] View ScanVC will appear!
2017-04-25 15:31:47.583236+0930 Mooshimeter[11101:6219183] View MeterVC did disappear!
2017-04-25 15:31:47.583422+0930 Mooshimeter[11101:6219183] View ScanVC did appear!
2017-04-25 15:31:47.583494+0930 Mooshimeter[11101:6219183] Refresh requested
2017-04-25 15:31:47.583616+0930 Mooshimeter[11101:6219183] SCAN
2017-04-25 15:31:48.068753+0930 Mooshimeter[11101:6219445] ScanVC caught meter event
2017-04-25 15:31:50.696748+0930 Mooshimeter[11101:6219445] Characteristic - 1BC5FFA2-0200-62AB-E411-F254E005DBD4 value - \M^G\^GH\M^YQ@ error - (null)
2017-04-25 15:31:50.696924+0930 Mooshimeter[11101:6219445] RECV: 135 6 bytes
2017-04-25 15:31:50.697086+0930 Mooshimeter[11101:6219445] BAT_V:3.274981
2017-04-25 15:31:50.698498+0930 Mooshimeter[11101:6219445] ScanVC caught meter event
2017-04-25 15:31:50.723048+0930 Mooshimeter[11101:6219445] Characteristic - 1BC5FFA2-0200-62AB-E411-F254E005DBD4 value - \M^H\^N error - (null)
2017-04-25 15:31:50.723204+0930 Mooshimeter[11101:6219445] RECV: 136 3 bytes
2017-04-25 15:31:50.723304+0930 Mooshimeter[11101:6219445] LOG:STATUS:0
2017-04-25 15:31:50.723458+0930 Mooshimeter[11101:6219445] ScanVC caught meter event
2017-04-25 15:31:53.084109+0930 Mooshimeter[11101:6219464] Found: 1
2017-04-25 15:31:53.090779+0930 Mooshimeter[11101:6219464] ScanVC caught meter event
2017-04-25 15:31:55.965378+0930 Mooshimeter[11101:6219445] CMD: PCB_VERSION
2017-04-25 15:31:55.998432+0930 Mooshimeter[11101:6219444] Characteristic - 1BC5FFA1-0200-62AB-E411-F254E005DBD4 wrote with error - (null)
2017-04-25 15:31:55.998522+0930 Mooshimeter[11101:6219444] SENT: 42 2 bytes
2017-04-25 15:31:56.025162+0930 Mooshimeter[11101:6219444] Characteristic - 1BC5FFA2-0200-62AB-E411-F254E005DBD4 value - \M^I\^C\^G error - (null)
2017-04-25 15:31:56.025310+0930 Mooshimeter[11101:6219444] RECV: 137 3 bytes
2017-04-25 15:31:56.025413+0930 Mooshimeter[11101:6219444] PCB_VERSION:7
2017-04-25 15:31:58.582535+0930 Mooshimeter[11101:6219464] ScanVC caught meter event
2017-04-25 15:32:00.698493+0930 Mooshimeter[11101:6219445] Characteristic - 1BC5FFA2-0200-62AB-E411-F254E005DBD4 value - \M^J\^G\M-l\M-EQ@ error - (null)
2017-04-25 15:32:00.698672+0930 Mooshimeter[11101:6219445] RECV: 138 6 bytes
2017-04-25 15:32:00.698833+0930 Mooshimeter[11101:6219445] BAT_V:3.277705
2017-04-25 15:32:00.698910+0930 Mooshimeter[11101:6219445] ScanVC caught meter event
2017-04-25 15:32:00.723861+0930 Mooshimeter[11101:6219445] Characteristic - 1BC5FFA2-0200-62AB-E411-F254E005DBD4 value - \M^K\^N error - (null)
2017-04-25 15:32:00.723986+0930 Mooshimeter[11101:6219445] RECV: 139 3 bytes
2017-04-25 15:32:00.724083+0930 Mooshimeter[11101:6219445] LOG:STATUS:0
2017-04-25 15:32:00.724224+0930 Mooshimeter[11101:6219445] ScanVC caught meter event
2017-04-25 15:32:04.077398+0930 Mooshimeter[11101:6219445] ScanVC caught meter event
